ARM GAS  C:\Users\30514\AppData\Local\Temp\ccLAlJo1.s 			page 1


   1              		.cpu cortex-m4
   2              		.arch armv7e-m
   3              		.fpu fpv4-sp-d16
   4              		.eabi_attribute 27, 1
   5              		.eabi_attribute 28, 1
   6              		.eabi_attribute 20, 1
   7              		.eabi_attribute 21, 1
   8              		.eabi_attribute 23, 3
   9              		.eabi_attribute 24, 1
  10              		.eabi_attribute 25, 1
  11              		.eabi_attribute 26, 1
  12              		.eabi_attribute 30, 6
  13              		.eabi_attribute 34, 1
  14              		.eabi_attribute 18, 4
  15              		.file	"arm_control.c"
  16              		.text
  17              	.Ltext0:
  18              		.cfi_sections	.debug_frame
  19              		.file 1 "Module/arm_control/arm_control.c"
  20              		.section	.bss.target_angles,"aw",%nobits
  21              		.align	2
  24              	target_angles:
  25 0000 00000000 		.space	12
  25      00000000 
  25      00000000 
  26              		.section	.bss.current_angles,"aw",%nobits
  27              		.align	2
  30              	current_angles:
  31 0000 00000000 		.space	12
  31      00000000 
  31      00000000 
  32              		.section	.rodata.MAX_ANGLE_STEP,"a"
  33              		.align	2
  36              	MAX_ANGLE_STEP:
  37 0000 C2B8B23D 		.word	1035122882
  38              		.section	.text.ArmControl_Init,"ax",%progbits
  39              		.align	1
  40              		.global	ArmControl_Init
  41              		.syntax unified
  42              		.thumb
  43              		.thumb_func
  45              	ArmControl_Init:
  46              	.LFB134:
   1:Module/arm_control/arm_control.c **** #include "arm_control.h"
   2:Module/arm_control/arm_control.c **** #include "main.h"
   3:Module/arm_control/arm_control.c **** #include "math.h"
   4:Module/arm_control/arm_control.c **** #include "remote_control.h" // 包含remote_control_active声明
   5:Module/arm_control/arm_control.c **** #include "dm_ctrl.h"
   6:Module/arm_control/arm_control.c **** #include "coordinate_mapping.h"
   7:Module/arm_control/arm_control.c **** 
   8:Module/arm_control/arm_control.c **** // 定义π常量
   9:Module/arm_control/arm_control.c **** #ifndef M_PI
  10:Module/arm_control/arm_control.c **** #define M_PI 3.14159265358979323846f
  11:Module/arm_control/arm_control.c **** #endif
  12:Module/arm_control/arm_control.c **** 
  13:Module/arm_control/arm_control.c **** // 角度转换宏
  14:Module/arm_control/arm_control.c **** #define DEG_TO_RAD(x) ((x) * M_PI / 180.0f)
ARM GAS  C:\Users\30514\AppData\Local\Temp\ccLAlJo1.s 			page 2


  15:Module/arm_control/arm_control.c **** 
  16:Module/arm_control/arm_control.c **** extern motor_t motor[num];
  17:Module/arm_control/arm_control.c **** 
  18:Module/arm_control/arm_control.c **** // 当前目标角度
  19:Module/arm_control/arm_control.c **** static JointAngles target_angles;
  20:Module/arm_control/arm_control.c **** // 当前执行角度
  21:Module/arm_control/arm_control.c **** static JointAngles current_angles;
  22:Module/arm_control/arm_control.c **** 
  23:Module/arm_control/arm_control.c **** // 最大角度变化率 (约5度/控制周期)
  24:Module/arm_control/arm_control.c **** static const float MAX_ANGLE_STEP = DEG_TO_RAD(5.0f);
  25:Module/arm_control/arm_control.c **** 
  26:Module/arm_control/arm_control.c **** // 初始化函数
  27:Module/arm_control/arm_control.c **** void ArmControl_Init(void)
  28:Module/arm_control/arm_control.c **** {
  47              		.loc 1 28 1
  48              		.cfi_startproc
  49              		@ args = 0, pretend = 0, frame = 0
  50              		@ frame_needed = 1, uses_anonymous_args = 0
  51 0000 80B5     		push	{r7, lr}
  52              	.LCFI0:
  53              		.cfi_def_cfa_offset 8
  54              		.cfi_offset 7, -8
  55              		.cfi_offset 14, -4
  56 0002 00AF     		add	r7, sp, #0
  57              	.LCFI1:
  58              		.cfi_def_cfa_register 7
  29:Module/arm_control/arm_control.c ****     // 设置工作空间范围（使用默认值）
  30:Module/arm_control/arm_control.c ****     Set_Joint_Ranges(
  59              		.loc 1 30 5
  60 0004 DFED151A 		vldr.32	s3, .L2
  61 0008 9FED151A 		vldr.32	s2, .L2+4
  62 000c DFED150A 		vldr.32	s1, .L2+8
  63 0010 9FED150A 		vldr.32	s0, .L2+12
  64 0014 FFF7FEFF 		bl	Set_Joint_Ranges
  31:Module/arm_control/arm_control.c ****         -(30.0f / 180.0f) * M_PI,   // 关节1最小角度 -180°
  32:Module/arm_control/arm_control.c ****         0,                         // 关节1最大角度 180°
  33:Module/arm_control/arm_control.c ****         (60.0f / 180.0f) * M_PI, // 关节2最小角度 -135°
  34:Module/arm_control/arm_control.c ****         (110.0f / 180.0f) * M_PI   // 关节2最大角度 -45°
  35:Module/arm_control/arm_control.c ****     );
  36:Module/arm_control/arm_control.c **** 
  37:Module/arm_control/arm_control.c ****     // 设置摇杆通道（使用默认配置）
  38:Module/arm_control/arm_control.c ****     Set_Stick_Channels(1, 2);
  65              		.loc 1 38 5
  66 0018 0221     		movs	r1, #2
  67 001a 0120     		movs	r0, #1
  68 001c FFF7FEFF 		bl	Set_Stick_Channels
  39:Module/arm_control/arm_control.c **** 
  40:Module/arm_control/arm_control.c ****     motor[Motor1].ctrl.mode = 0; // MIT模式
  69              		.loc 1 40 29
  70 0020 124B     		ldr	r3, .L2+16
  71 0022 0022     		movs	r2, #0
  72 0024 83F83C20 		strb	r2, [r3, #60]
  41:Module/arm_control/arm_control.c ****     motor[Motor2].ctrl.mode = 0; // MIT模式
  73              		.loc 1 41 29
  74 0028 104B     		ldr	r3, .L2+16
  75 002a 0022     		movs	r2, #0
  76 002c 83F8A820 		strb	r2, [r3, #168]
ARM GAS  C:\Users\30514\AppData\Local\Temp\ccLAlJo1.s 			page 3


  42:Module/arm_control/arm_control.c **** 
  43:Module/arm_control/arm_control.c ****     // 初始化电机
  44:Module/arm_control/arm_control.c ****     dm4310_motor_init();
  77              		.loc 1 44 5
  78 0030 FFF7FEFF 		bl	dm4310_motor_init
  45:Module/arm_control/arm_control.c **** 
  46:Module/arm_control/arm_control.c ****     // 启用电机控制
  47:Module/arm_control/arm_control.c ****     ctrl_enable(ALL_MOTORS);
  79              		.loc 1 47 5
  80 0034 0320     		movs	r0, #3
  81 0036 FFF7FEFF 		bl	ctrl_enable
  48:Module/arm_control/arm_control.c **** 
  49:Module/arm_control/arm_control.c ****     // 初始化角度为安全位置
  50:Module/arm_control/arm_control.c ****     target_angles.theta1 = -(1.0f / 12.0f) * M_PI;
  82              		.loc 1 50 26
  83 003a 0D4B     		ldr	r3, .L2+20
  84 003c 0D4A     		ldr	r2, .L2+24
  85 003e 1A60     		str	r2, [r3]	@ float
  51:Module/arm_control/arm_control.c ****     target_angles.theta2 = (17.0f / 36.0f) * M_PI; // -90度
  86              		.loc 1 51 26
  87 0040 0B4B     		ldr	r3, .L2+20
  88 0042 0D4A     		ldr	r2, .L2+28
  89 0044 5A60     		str	r2, [r3, #4]	@ float
  52:Module/arm_control/arm_control.c ****     target_angles.valid = true;
  90              		.loc 1 52 25
  91 0046 0A4B     		ldr	r3, .L2+20
  92 0048 0122     		movs	r2, #1
  93 004a 1A72     		strb	r2, [r3, #8]
  53:Module/arm_control/arm_control.c ****     current_angles = target_angles; // 初始当前角度等于目标角度
  94              		.loc 1 53 20
  95 004c 0B4B     		ldr	r3, .L2+32
  96 004e 084A     		ldr	r2, .L2+20
  97 0050 07CA     		ldm	r2, {r0, r1, r2}
  98 0052 83E80700 		stm	r3, {r0, r1, r2}
  54:Module/arm_control/arm_control.c **** }
  99              		.loc 1 54 1
 100 0056 00BF     		nop
 101 0058 80BD     		pop	{r7, pc}
 102              	.L3:
 103 005a 00BF     		.align	2
 104              	.L2:
 105 005c 0BBEF53F 		.word	1073069579
 106 0060 920A863F 		.word	1065749138
 107 0064 00000000 		.word	0
 108 0068 920A06BF 		.word	-1090123118
 109 006c 00000000 		.word	motor
 110 0070 00000000 		.word	target_angles
 111 0074 920A86BE 		.word	-1098511726
 112 0078 4EE4BD3F 		.word	1069409358
 113 007c 00000000 		.word	current_angles
 114              		.cfi_endproc
 115              	.LFE134:
 117              		.section	.text.Apply_Smoothing,"ax",%progbits
 118              		.align	1
 119              		.syntax unified
 120              		.thumb
 121              		.thumb_func
ARM GAS  C:\Users\30514\AppData\Local\Temp\ccLAlJo1.s 			page 4


 123              	Apply_Smoothing:
 124              	.LFB135:
  55:Module/arm_control/arm_control.c **** 
  56:Module/arm_control/arm_control.c **** // 应用平滑处理
  57:Module/arm_control/arm_control.c **** static void Apply_Smoothing(void)
  58:Module/arm_control/arm_control.c **** {
 125              		.loc 1 58 1
 126              		.cfi_startproc
 127              		@ args = 0, pretend = 0, frame = 8
 128              		@ frame_needed = 1, uses_anonymous_args = 0
 129 0000 80B5     		push	{r7, lr}
 130              	.LCFI2:
 131              		.cfi_def_cfa_offset 8
 132              		.cfi_offset 7, -8
 133              		.cfi_offset 14, -4
 134 0002 2DED028B 		vpush.64	{d8}
 135              	.LCFI3:
 136              		.cfi_def_cfa_offset 16
 137              		.cfi_offset 80, -16
 138              		.cfi_offset 81, -12
 139 0006 82B0     		sub	sp, sp, #8
 140              	.LCFI4:
 141              		.cfi_def_cfa_offset 24
 142 0008 00AF     		add	r7, sp, #0
 143              	.LCFI5:
 144              		.cfi_def_cfa_register 7
  59:Module/arm_control/arm_control.c ****     // 关节1平滑
  60:Module/arm_control/arm_control.c ****     float delta1 = target_angles.theta1 - current_angles.theta1;
 145              		.loc 1 60 33
 146 000a 2F4B     		ldr	r3, .L16
 147 000c 93ED007A 		vldr.32	s14, [r3]
 148              		.loc 1 60 57
 149 0010 2E4B     		ldr	r3, .L16+4
 150 0012 D3ED007A 		vldr.32	s15, [r3]
 151              		.loc 1 60 11
 152 0016 77EE677A 		vsub.f32	s15, s14, s15
 153 001a C7ED017A 		vstr.32	s15, [r7, #4]
  61:Module/arm_control/arm_control.c ****     if (fabsf(delta1) > MAX_ANGLE_STEP)
 154              		.loc 1 61 9
 155 001e D7ED017A 		vldr.32	s15, [r7, #4]
 156 0022 F0EEE77A 		vabs.f32	s15, s15
 157              		.loc 1 61 23
 158 0026 9FED2A7A 		vldr.32	s14, .L16+8
 159              		.loc 1 61 8
 160 002a F4EEC77A 		vcmpe.f32	s15, s14
 161 002e F1EE10FA 		vmrs	APSR_nzcv, FPSCR
 162 0032 12DD     		ble	.L13
  62:Module/arm_control/arm_control.c ****     {
  63:Module/arm_control/arm_control.c ****         current_angles.theta1 += copysignf(MAX_ANGLE_STEP, delta1);
 163              		.loc 1 63 23
 164 0034 254B     		ldr	r3, .L16+4
 165 0036 93ED008A 		vldr.32	s16, [r3]
 166              		.loc 1 63 34
 167 003a DFED257A 		vldr.32	s15, .L16+8
 168 003e D7ED010A 		vldr.32	s1, [r7, #4]
 169 0042 B0EE670A 		vmov.f32	s0, s15
 170 0046 FFF7FEFF 		bl	copysignf
ARM GAS  C:\Users\30514\AppData\Local\Temp\ccLAlJo1.s 			page 5


 171 004a F0EE407A 		vmov.f32	s15, s0
 172              		.loc 1 63 31 discriminator 1
 173 004e 78EE277A 		vadd.f32	s15, s16, s15
 174 0052 1E4B     		ldr	r3, .L16+4
 175 0054 C3ED007A 		vstr.32	s15, [r3]
 176 0058 03E0     		b	.L7
 177              	.L13:
  64:Module/arm_control/arm_control.c ****     }
  65:Module/arm_control/arm_control.c ****     else
  66:Module/arm_control/arm_control.c ****     {
  67:Module/arm_control/arm_control.c ****         current_angles.theta1 = target_angles.theta1;
 178              		.loc 1 67 46
 179 005a 1B4B     		ldr	r3, .L16
 180 005c 1B68     		ldr	r3, [r3]	@ float
 181              		.loc 1 67 31
 182 005e 1B4A     		ldr	r2, .L16+4
 183 0060 1360     		str	r3, [r2]	@ float
 184              	.L7:
  68:Module/arm_control/arm_control.c ****     }
  69:Module/arm_control/arm_control.c **** 
  70:Module/arm_control/arm_control.c ****     // 关节2平滑
  71:Module/arm_control/arm_control.c ****     float delta2 = target_angles.theta2 - current_angles.theta2;
 185              		.loc 1 71 33
 186 0062 194B     		ldr	r3, .L16
 187 0064 93ED017A 		vldr.32	s14, [r3, #4]
 188              		.loc 1 71 57
 189 0068 184B     		ldr	r3, .L16+4
 190 006a D3ED017A 		vldr.32	s15, [r3, #4]
 191              		.loc 1 71 11
 192 006e 77EE677A 		vsub.f32	s15, s14, s15
 193 0072 C7ED007A 		vstr.32	s15, [r7]
  72:Module/arm_control/arm_control.c ****     if (fabsf(delta2) > MAX_ANGLE_STEP)
 194              		.loc 1 72 9
 195 0076 D7ED007A 		vldr.32	s15, [r7]
 196 007a F0EEE77A 		vabs.f32	s15, s15
 197              		.loc 1 72 23
 198 007e 9FED147A 		vldr.32	s14, .L16+8
 199              		.loc 1 72 8
 200 0082 F4EEC77A 		vcmpe.f32	s15, s14
 201 0086 F1EE10FA 		vmrs	APSR_nzcv, FPSCR
 202 008a 12DD     		ble	.L14
  73:Module/arm_control/arm_control.c ****     {
  74:Module/arm_control/arm_control.c ****         current_angles.theta2 += copysignf(MAX_ANGLE_STEP, delta2);
 203              		.loc 1 74 23
 204 008c 0F4B     		ldr	r3, .L16+4
 205 008e 93ED018A 		vldr.32	s16, [r3, #4]
 206              		.loc 1 74 34
 207 0092 DFED0F7A 		vldr.32	s15, .L16+8
 208 0096 D7ED000A 		vldr.32	s1, [r7]
 209 009a B0EE670A 		vmov.f32	s0, s15
 210 009e FFF7FEFF 		bl	copysignf
 211 00a2 F0EE407A 		vmov.f32	s15, s0
 212              		.loc 1 74 31 discriminator 1
 213 00a6 78EE277A 		vadd.f32	s15, s16, s15
 214 00aa 084B     		ldr	r3, .L16+4
 215 00ac C3ED017A 		vstr.32	s15, [r3, #4]
  75:Module/arm_control/arm_control.c ****     }
ARM GAS  C:\Users\30514\AppData\Local\Temp\ccLAlJo1.s 			page 6


  76:Module/arm_control/arm_control.c ****     else
  77:Module/arm_control/arm_control.c ****     {
  78:Module/arm_control/arm_control.c ****         current_angles.theta2 = target_angles.theta2;
  79:Module/arm_control/arm_control.c ****     }
  80:Module/arm_control/arm_control.c **** }
 216              		.loc 1 80 1
 217 00b0 03E0     		b	.L15
 218              	.L14:
  78:Module/arm_control/arm_control.c ****     }
 219              		.loc 1 78 46
 220 00b2 054B     		ldr	r3, .L16
 221 00b4 5B68     		ldr	r3, [r3, #4]	@ float
  78:Module/arm_control/arm_control.c ****     }
 222              		.loc 1 78 31
 223 00b6 054A     		ldr	r2, .L16+4
 224 00b8 5360     		str	r3, [r2, #4]	@ float
 225              	.L15:
 226              		.loc 1 80 1
 227 00ba 00BF     		nop
 228 00bc 0837     		adds	r7, r7, #8
 229              	.LCFI6:
 230              		.cfi_def_cfa_offset 16
 231 00be BD46     		mov	sp, r7
 232              	.LCFI7:
 233              		.cfi_def_cfa_register 13
 234              		@ sp needed
 235 00c0 BDEC028B 		vldm	sp!, {d8}
 236              	.LCFI8:
 237              		.cfi_restore 80
 238              		.cfi_restore 81
 239              		.cfi_def_cfa_offset 8
 240 00c4 80BD     		pop	{r7, pc}
 241              	.L17:
 242 00c6 00BF     		.align	2
 243              	.L16:
 244 00c8 00000000 		.word	target_angles
 245 00cc 00000000 		.word	current_angles
 246 00d0 C2B8B23D 		.word	1035122882
 247              		.cfi_endproc
 248              	.LFE135:
 250              		.section	.text.ArmControl_Update,"ax",%progbits
 251              		.align	1
 252              		.global	ArmControl_Update
 253              		.syntax unified
 254              		.thumb
 255              		.thumb_func
 257              	ArmControl_Update:
 258              	.LFB136:
  81:Module/arm_control/arm_control.c **** 
  82:Module/arm_control/arm_control.c **** // 更新机械臂控制
  83:Module/arm_control/arm_control.c **** void ArmControl_Update(void)
  84:Module/arm_control/arm_control.c **** {
 259              		.loc 1 84 1
 260              		.cfi_startproc
 261              		@ args = 0, pretend = 0, frame = 16
 262              		@ frame_needed = 1, uses_anonymous_args = 0
 263 0000 90B5     		push	{r4, r7, lr}
ARM GAS  C:\Users\30514\AppData\Local\Temp\ccLAlJo1.s 			page 7


 264              	.LCFI9:
 265              		.cfi_def_cfa_offset 12
 266              		.cfi_offset 4, -12
 267              		.cfi_offset 7, -8
 268              		.cfi_offset 14, -4
 269 0002 85B0     		sub	sp, sp, #20
 270              	.LCFI10:
 271              		.cfi_def_cfa_offset 32
 272 0004 00AF     		add	r7, sp, #0
 273              	.LCFI11:
 274              		.cfi_def_cfa_register 7
  85:Module/arm_control/arm_control.c ****     // 检查遥控器是否激活
  86:Module/arm_control/arm_control.c ****     if (remote_control_active())
 275              		.loc 1 86 9
 276 0006 FFF7FEFF 		bl	remote_control_active
 277 000a 0346     		mov	r3, r0
 278              		.loc 1 86 8 discriminator 1
 279 000c 002B     		cmp	r3, #0
 280 000e 0DD0     		beq	.L19
 281              	.LBB2:
  87:Module/arm_control/arm_control.c ****     {
  88:Module/arm_control/arm_control.c ****         // 获取遥控器映射的关节角度
  89:Module/arm_control/arm_control.c ****         JointAngles new_angles = Map_To_JointSpace();
 282              		.loc 1 89 34
 283 0010 3B1D     		adds	r3, r7, #4
 284 0012 1846     		mov	r0, r3
 285 0014 FFF7FEFF 		bl	Map_To_JointSpace
  90:Module/arm_control/arm_control.c **** 
  91:Module/arm_control/arm_control.c ****         // 如果映射有效，则更新目标角度
  92:Module/arm_control/arm_control.c ****         if (new_angles.valid)
 286              		.loc 1 92 23
 287 0018 3B7B     		ldrb	r3, [r7, #12]	@ zero_extendqisi2
 288              		.loc 1 92 12
 289 001a 002B     		cmp	r3, #0
 290 001c 06D0     		beq	.L19
  93:Module/arm_control/arm_control.c ****         {
  94:Module/arm_control/arm_control.c ****             target_angles = new_angles;
 291              		.loc 1 94 27
 292 001e 134B     		ldr	r3, .L21
 293 0020 1C46     		mov	r4, r3
 294 0022 3B1D     		adds	r3, r7, #4
 295 0024 93E80700 		ldm	r3, {r0, r1, r2}
 296 0028 84E80700 		stm	r4, {r0, r1, r2}
 297              	.L19:
 298              	.LBE2:
  95:Module/arm_control/arm_control.c ****         }
  96:Module/arm_control/arm_control.c ****     }
  97:Module/arm_control/arm_control.c **** 
  98:Module/arm_control/arm_control.c ****     // 应用平滑处理
  99:Module/arm_control/arm_control.c ****     Apply_Smoothing();
 299              		.loc 1 99 5
 300 002c FFF7FEFF 		bl	Apply_Smoothing
 100:Module/arm_control/arm_control.c **** 
 101:Module/arm_control/arm_control.c ****     motor[Motor1].ctrl.mode = 0; // MIT模式
 301              		.loc 1 101 29
 302 0030 0F4B     		ldr	r3, .L21+4
 303 0032 0022     		movs	r2, #0
ARM GAS  C:\Users\30514\AppData\Local\Temp\ccLAlJo1.s 			page 8


 304 0034 83F83C20 		strb	r2, [r3, #60]
 102:Module/arm_control/arm_control.c ****     motor[Motor2].ctrl.mode = 0; // MIT模式
 305              		.loc 1 102 29
 306 0038 0D4B     		ldr	r3, .L21+4
 307 003a 0022     		movs	r2, #0
 308 003c 83F8A820 		strb	r2, [r3, #168]
 103:Module/arm_control/arm_control.c **** 
 104:Module/arm_control/arm_control.c ****     // 直接应用平滑后的角度到电机
 105:Module/arm_control/arm_control.c ****     // 应用关节1角度
 106:Module/arm_control/arm_control.c ****     motor[Motor1].cmd.pos_set = current_angles.theta1;
 309              		.loc 1 106 47
 310 0040 0C4B     		ldr	r3, .L21+8
 311 0042 1B68     		ldr	r3, [r3]	@ float
 312              		.loc 1 106 31
 313 0044 0A4A     		ldr	r2, .L21+4
 314 0046 9365     		str	r3, [r2, #88]	@ float
 107:Module/arm_control/arm_control.c ****     dm4310_set(&motor[Motor1]);
 315              		.loc 1 107 5
 316 0048 0948     		ldr	r0, .L21+4
 317 004a FFF7FEFF 		bl	dm4310_set
 108:Module/arm_control/arm_control.c **** 
 109:Module/arm_control/arm_control.c ****     // 应用关节2角度
 110:Module/arm_control/arm_control.c ****     motor[Motor2].cmd.pos_set = current_angles.theta2;
 318              		.loc 1 110 47
 319 004e 094B     		ldr	r3, .L21+8
 320 0050 5B68     		ldr	r3, [r3, #4]	@ float
 321              		.loc 1 110 31
 322 0052 074A     		ldr	r2, .L21+4
 323 0054 C2F8C430 		str	r3, [r2, #196]	@ float
 111:Module/arm_control/arm_control.c ****     dm4310_set(&motor[Motor2]);
 324              		.loc 1 111 5
 325 0058 0748     		ldr	r0, .L21+12
 326 005a FFF7FEFF 		bl	dm4310_set
 112:Module/arm_control/arm_control.c **** 
 113:Module/arm_control/arm_control.c ****     // 发送控制命令
 114:Module/arm_control/arm_control.c ****     ctrl_send(ALL_MOTORS);
 327              		.loc 1 114 5
 328 005e 0320     		movs	r0, #3
 329 0060 FFF7FEFF 		bl	ctrl_send
 115:Module/arm_control/arm_control.c **** }...
 330              		.loc 1 115 1
 331 0064 00BF     		nop
 332 0066 1437     		adds	r7, r7, #20
 333              	.LCFI12:
 334              		.cfi_def_cfa_offset 12
 335 0068 BD46     		mov	sp, r7
 336              	.LCFI13:
 337              		.cfi_def_cfa_register 13
 338              		@ sp needed
 339 006a 90BD     		pop	{r4, r7, pc}
 340              	.L22:
 341              		.align	2
 342              	.L21:
 343 006c 00000000 		.word	target_angles
 344 0070 00000000 		.word	motor
 345 0074 00000000 		.word	current_angles
 346 0078 6C000000 		.word	motor+108
ARM GAS  C:\Users\30514\AppData\Local\Temp\ccLAlJo1.s 			page 9


 347              		.cfi_endproc
 348              	.LFE136:
 350              		.text
 351              	.Letext0:
 352              		.file 2 "D:/enviroment/msys2/mingw64/arm-none-eabi/include/machine/_default_types.h"
 353              		.file 3 "D:/enviroment/msys2/mingw64/arm-none-eabi/include/sys/_stdint.h"
 354              		.file 4 "Module/coordinate/coordinate_mapping.h"
 355              		.file 5 "Module/motor/dm_drv.h"
 356              		.file 6 "Module/motor/dm_ctrl.h"
 357              		.file 7 "Module/remote_control/remote_control.h"
 358              		.file 8 "D:/enviroment/msys2/mingw64/arm-none-eabi/include/math.h"
ARM GAS  C:\Users\30514\AppData\Local\Temp\ccLAlJo1.s 			page 10


DEFINED SYMBOLS
                            *ABS*:00000000 arm_control.c
C:\Users\30514\AppData\Local\Temp\ccLAlJo1.s:21     .bss.target_angles:00000000 $d
C:\Users\30514\AppData\Local\Temp\ccLAlJo1.s:24     .bss.target_angles:00000000 target_angles
C:\Users\30514\AppData\Local\Temp\ccLAlJo1.s:27     .bss.current_angles:00000000 $d
C:\Users\30514\AppData\Local\Temp\ccLAlJo1.s:30     .bss.current_angles:00000000 current_angles
C:\Users\30514\AppData\Local\Temp\ccLAlJo1.s:33     .rodata.MAX_ANGLE_STEP:00000000 $d
C:\Users\30514\AppData\Local\Temp\ccLAlJo1.s:36     .rodata.MAX_ANGLE_STEP:00000000 MAX_ANGLE_STEP
C:\Users\30514\AppData\Local\Temp\ccLAlJo1.s:39     .text.ArmControl_Init:00000000 $t
C:\Users\30514\AppData\Local\Temp\ccLAlJo1.s:45     .text.ArmControl_Init:00000000 ArmControl_Init
C:\Users\30514\AppData\Local\Temp\ccLAlJo1.s:105    .text.ArmControl_Init:0000005c $d
C:\Users\30514\AppData\Local\Temp\ccLAlJo1.s:118    .text.Apply_Smoothing:00000000 $t
C:\Users\30514\AppData\Local\Temp\ccLAlJo1.s:123    .text.Apply_Smoothing:00000000 Apply_Smoothing
C:\Users\30514\AppData\Local\Temp\ccLAlJo1.s:244    .text.Apply_Smoothing:000000c8 $d
C:\Users\30514\AppData\Local\Temp\ccLAlJo1.s:251    .text.ArmControl_Update:00000000 $t
C:\Users\30514\AppData\Local\Temp\ccLAlJo1.s:257    .text.ArmControl_Update:00000000 ArmControl_Update
C:\Users\30514\AppData\Local\Temp\ccLAlJo1.s:343    .text.ArmControl_Update:0000006c $d
                           .group:00000000 wm4.0.3e68c699c40fadf7e6c1e499de837233
                           .group:00000000 wm4.stdbool.h.29.c08aa3eec75cf5b9b5003883f43253f0
                           .group:00000000 wm4._newlib_version.h.4.0eb654b64686e2bd29646258853f6c22
                           .group:00000000 wm4.features.h.33.d554620bb17bd3b714c3fb5c268772bc
                           .group:00000000 wm4._default_types.h.15.247e5cd201eca3442cbf5404108c4935
                           .group:00000000 wm4._intsup.h.10.48bafbb683905c4daa4565a85aeeb264
                           .group:00000000 wm4._stdint.h.10.c24fa3af3bc1706662bb5593a907e841
                           .group:00000000 wm4.stdint.h.23.d53047a68f4a85177f80b422d52785ed
                           .group:00000000 wm4.remote_control.h.2.d5ede23e17e0664e5394033a072c4472
                           .group:00000000 wm4.stm32f4xx_hal_conf.h.25.a9a6e27d8b41172b5af7d7631d763ee0
                           .group:00000000 wm4.stm32f4xx.h.38.63e3ea23bd63a94457417730025259b6
                           .group:00000000 wm4.stm32f446xx.h.34.dd43cebd7192f96bce7a5ff975201274
                           .group:00000000 wm4.cmsis_version.h.32.0ac195c83bb4537824e6ad1c47474b79
                           .group:00000000 wm4.core_cm4.h.66.e4ff136c4a17abc46741866f64f8e729
                           .group:00000000 wm4.cmsis_gcc.h.26.498d0ad17a45fc9ef20fdc01caf02259
                           .group:00000000 wm4.core_cm4.h.174.62be9b4588d49bed18171771001331df
                           .group:00000000 wm4.mpu_armv7.h.32.83326921a797fa9d6f70449916b4b839
                           .group:00000000 wm4.stm32f446xx.h.917.13927c85cbbf4787955bc4173c54fa12
                           .group:00000000 wm4.stm32f4xx.h.195.a4b8bf80f37cc96981498656ffe5f588
                           .group:00000000 wm4.stm32_hal_legacy.h.22.8b7d303dc46a0b7ac6d3edf19ce2608d
                           .group:00000000 wm4.stddef.h.39.0dc9006b34572d4d9cae4c8b422c4971
                           .group:00000000 wm4.stm32f4xx_hal_def.h.58.3cb484e92e5ccf2e55312a4714e27917
                           .group:00000000 wm4.stm32f4xx_hal_rcc_ex.h.20.9b6e314009d4800dd71c0ec1c264a1ea
                           .group:00000000 wm4.stm32f4xx_hal_rcc.h.106.0887cf5d985ae88e345b0aed0ceb4729
                           .group:00000000 wm4.stm32f4xx_hal_gpio.h.21.22da6a14b6049d6ac156577be74df1d7
                           .group:00000000 wm4.stm32f4xx_hal_gpio_ex.h.21.33ea7ea24fd170b1d3dce3d23330c9d3
                           .group:00000000 wm4.stm32f4xx_hal_gpio.h.254.d7e07832f748fe8bcb575db0b8373592
                           .group:00000000 wm4.stm32f4xx_hal_exti.h.21.4fc7f37c3cc97fb821b368ede79414b6
                           .group:00000000 wm4.stm32f4xx_hal_dma.h.21.8e4b1421c914345c23be719e5e528779
                           .group:00000000 wm4.stm32f4xx_hal_dma.h.720.ac2d7eef74792e4026acc4d2923c5da4
                           .group:00000000 wm4.stm32f4xx_hal_cortex.h.20.03673e4f79386680bf73ba399c19306b
                           .group:00000000 wm4.stm32f4xx_hal_can.h.21.4b16c8dedf31ba328482231f811a7e65
                           .group:00000000 wm4.stm32f4xx_hal_flash.h.20.2f1e0d1b7010b3a81a7980aaf712e7e5
                           .group:00000000 wm4.stm32f4xx_hal_flash_ex.h.20.77cb3e5c0f1e426426a4cbc884a1eed8
                           .group:00000000 wm4.stm32f4xx_hal_flash.h.361.23bc19b9eac79b0956d913651841ede8
                           .group:00000000 wm4.stm32f4xx_hal_pwr.h.20.1905a0783a9c83adefd7df0c4b501e40
                           .group:00000000 wm4.stm32f4xx_hal_pwr_ex.h.20.9786dbd699c850465fa7b77273740267
                           .group:00000000 wm4.stm32f4xx_hal_pwr.h.338.debc0a4a62ba54688e63ab53dd99c4ea
                           .group:00000000 wm4.stm32f4xx_hal_uart.h.21.ba8e24dd05c77faac3f3d48472e636ba
                           .group:00000000 wm4.stm32f4xx_hal.h.71.02372bc31d47d29d3f67fbfe1429649e
ARM GAS  C:\Users\30514\AppData\Local\Temp\ccLAlJo1.s 			page 11


                           .group:00000000 wm4.remote_control.h.15.dad157441a7369e14747acc4dfbe8b08
                           .group:00000000 wm4.newlib.h.7.a37ffbe9e5aff74303f4e60b1cc1c01b
                           .group:00000000 wm4.ieeefp.h.77.61a77db5804869b1dadd307a77cf78c9
                           .group:00000000 wm4.config.h.224.10ee1ad185d877c6e334e6581faab44d
                           .group:00000000 wm4._ansi.h.31.de524f58584151836e90d8620a16f8e8
                           .group:00000000 wm4.cdefs.h.49.70fc7af612f78ddcace70fdd90b5623b
                           .group:00000000 wm4._types.h.20.dd0d04dca3800a0d2a6129b87f3adbb2
                           .group:00000000 wm4.stddef.h.158.6f8e08a347b1cff664332fa350bfceb3
                           .group:00000000 wm4._types.h.127.3bdfe3ff8ea2d0985b03d9cbe93480e3
                           .group:00000000 wm4.reent.h.18.25503cdc8b7e55dd0d6ea7b3e5af7a03
                           .group:00000000 wm4.lock.h.2.1461d1fff82dffe8bfddc23307f6484f
                           .group:00000000 wm4.reent.h.78.6b87466b04591b1f1cb88c14fdf2ba9e
                           .group:00000000 wm4.math.h.13.47cfc34cae8a1153323939c4d32cf7c2
                           .group:00000000 wm4.dm_drv.h.7.4abb37ead5777bb8720ed305654a152b
                           .group:00000000 wm4.dm_ctrl.h.7.f5e8660fa386af2caaf9fd826f00c559

UNDEFINED SYMBOLS
Set_Joint_Ranges
Set_Stick_Channels
dm4310_motor_init
ctrl_enable
motor
copysignf
remote_control_active
Map_To_JointSpace
dm4310_set
ctrl_send
