ARM GAS  C:\Users\30514\AppData\Local\Temp\ccmtUWIY.s 			page 1


   1              		.cpu cortex-m4
   2              		.arch armv7e-m
   3              		.fpu fpv4-sp-d16
   4              		.eabi_attribute 27, 1
   5              		.eabi_attribute 28, 1
   6              		.eabi_attribute 20, 1
   7              		.eabi_attribute 21, 1
   8              		.eabi_attribute 23, 3
   9              		.eabi_attribute 24, 1
  10              		.eabi_attribute 25, 1
  11              		.eabi_attribute 26, 1
  12              		.eabi_attribute 30, 1
  13              		.eabi_attribute 34, 1
  14              		.eabi_attribute 18, 4
  15              		.file	"can.c"
  16              		.text
  17              	.Ltext0:
  18              		.cfi_sections	.debug_frame
  19              		.file 1 "Core/Src/can.c"
  20              		.section	.text.MX_CAN1_Init,"ax",%progbits
  21              		.align	1
  22              		.global	MX_CAN1_Init
  23              		.syntax unified
  24              		.thumb
  25              		.thumb_func
  27              	MX_CAN1_Init:
  28              	.LFB134:
   1:Core/Src/can.c **** /* USER CODE BEGIN Header */
   2:Core/Src/can.c **** /**
   3:Core/Src/can.c ****   ******************************************************************************
   4:Core/Src/can.c ****   * @file    can.c
   5:Core/Src/can.c ****   * @brief   This file provides code for the configuration
   6:Core/Src/can.c ****   *          of the CAN instances.
   7:Core/Src/can.c ****   ******************************************************************************
   8:Core/Src/can.c ****   * @attention
   9:Core/Src/can.c ****   *
  10:Core/Src/can.c ****   * Copyright (c) 2025 STMicroelectronics.
  11:Core/Src/can.c ****   * All rights reserved.
  12:Core/Src/can.c ****   *
  13:Core/Src/can.c ****   * This software is licensed under terms that can be found in the LICENSE file
  14:Core/Src/can.c ****   * in the root directory of this software component.
  15:Core/Src/can.c ****   * If no LICENSE file comes with this software, it is provided AS-IS.
  16:Core/Src/can.c ****   *
  17:Core/Src/can.c ****   ******************************************************************************
  18:Core/Src/can.c ****   */
  19:Core/Src/can.c **** /* USER CODE END Header */
  20:Core/Src/can.c **** /* Includes ------------------------------------------------------------------*/
  21:Core/Src/can.c **** #include "can.h"
  22:Core/Src/can.c **** 
  23:Core/Src/can.c **** /* USER CODE BEGIN 0 */
  24:Core/Src/can.c **** 
  25:Core/Src/can.c **** /* USER CODE END 0 */
  26:Core/Src/can.c **** 
  27:Core/Src/can.c **** CAN_HandleTypeDef hcan1;
  28:Core/Src/can.c **** CAN_HandleTypeDef hcan2;
  29:Core/Src/can.c **** 
  30:Core/Src/can.c **** /* CAN1 init function */
ARM GAS  C:\Users\30514\AppData\Local\Temp\ccmtUWIY.s 			page 2


  31:Core/Src/can.c **** void MX_CAN1_Init(void)
  32:Core/Src/can.c **** {
  29              		.loc 1 32 1 view -0
  30              		.cfi_startproc
  31              		@ args = 0, pretend = 0, frame = 0
  32              		@ frame_needed = 0, uses_anonymous_args = 0
  33 0000 08B5     		push	{r3, lr}
  34              	.LCFI0:
  35              		.cfi_def_cfa_offset 8
  36              		.cfi_offset 3, -8
  37              		.cfi_offset 14, -4
  33:Core/Src/can.c **** 
  34:Core/Src/can.c ****   /* USER CODE BEGIN CAN1_Init 0 */
  35:Core/Src/can.c **** 
  36:Core/Src/can.c ****   /* USER CODE END CAN1_Init 0 */
  37:Core/Src/can.c **** 
  38:Core/Src/can.c ****   /* USER CODE BEGIN CAN1_Init 1 */
  39:Core/Src/can.c **** 
  40:Core/Src/can.c ****   /* USER CODE END CAN1_Init 1 */
  41:Core/Src/can.c ****   hcan1.Instance = CAN1;
  38              		.loc 1 41 3 view .LVU1
  39              		.loc 1 41 18 is_stmt 0 view .LVU2
  40 0002 0D48     		ldr	r0, .L5
  41 0004 0D4B     		ldr	r3, .L5+4
  42 0006 0360     		str	r3, [r0]
  42:Core/Src/can.c ****   hcan1.Init.Prescaler = 2;
  43              		.loc 1 42 3 is_stmt 1 view .LVU3
  44              		.loc 1 42 24 is_stmt 0 view .LVU4
  45 0008 0223     		movs	r3, #2
  46 000a 4360     		str	r3, [r0, #4]
  43:Core/Src/can.c ****   hcan1.Init.Mode = CAN_MODE_NORMAL;
  47              		.loc 1 43 3 is_stmt 1 view .LVU5
  48              		.loc 1 43 19 is_stmt 0 view .LVU6
  49 000c 0023     		movs	r3, #0
  50 000e 8360     		str	r3, [r0, #8]
  44:Core/Src/can.c ****   hcan1.Init.SyncJumpWidth = CAN_SJW_1TQ;
  51              		.loc 1 44 3 is_stmt 1 view .LVU7
  52              		.loc 1 44 28 is_stmt 0 view .LVU8
  53 0010 C360     		str	r3, [r0, #12]
  45:Core/Src/can.c ****   hcan1.Init.TimeSeg1 = CAN_BS1_15TQ;
  54              		.loc 1 45 3 is_stmt 1 view .LVU9
  55              		.loc 1 45 23 is_stmt 0 view .LVU10
  56 0012 4FF46022 		mov	r2, #917504
  57 0016 0261     		str	r2, [r0, #16]
  46:Core/Src/can.c ****   hcan1.Init.TimeSeg2 = CAN_BS2_5TQ;
  58              		.loc 1 46 3 is_stmt 1 view .LVU11
  59              		.loc 1 46 23 is_stmt 0 view .LVU12
  60 0018 4FF48002 		mov	r2, #4194304
  61 001c 4261     		str	r2, [r0, #20]
  47:Core/Src/can.c ****   hcan1.Init.TimeTriggeredMode = DISABLE;
  62              		.loc 1 47 3 is_stmt 1 view .LVU13
  63              		.loc 1 47 32 is_stmt 0 view .LVU14
  64 001e 0376     		strb	r3, [r0, #24]
  48:Core/Src/can.c ****   hcan1.Init.AutoBusOff = DISABLE;
  65              		.loc 1 48 3 is_stmt 1 view .LVU15
  66              		.loc 1 48 25 is_stmt 0 view .LVU16
  67 0020 4376     		strb	r3, [r0, #25]
ARM GAS  C:\Users\30514\AppData\Local\Temp\ccmtUWIY.s 			page 3


  49:Core/Src/can.c ****   hcan1.Init.AutoWakeUp = DISABLE;
  68              		.loc 1 49 3 is_stmt 1 view .LVU17
  69              		.loc 1 49 25 is_stmt 0 view .LVU18
  70 0022 8376     		strb	r3, [r0, #26]
  50:Core/Src/can.c ****   hcan1.Init.AutoRetransmission = DISABLE;
  71              		.loc 1 50 3 is_stmt 1 view .LVU19
  72              		.loc 1 50 33 is_stmt 0 view .LVU20
  73 0024 C376     		strb	r3, [r0, #27]
  51:Core/Src/can.c ****   hcan1.Init.ReceiveFifoLocked = DISABLE;
  74              		.loc 1 51 3 is_stmt 1 view .LVU21
  75              		.loc 1 51 32 is_stmt 0 view .LVU22
  76 0026 0377     		strb	r3, [r0, #28]
  52:Core/Src/can.c ****   hcan1.Init.TransmitFifoPriority = DISABLE;
  77              		.loc 1 52 3 is_stmt 1 view .LVU23
  78              		.loc 1 52 35 is_stmt 0 view .LVU24
  79 0028 4377     		strb	r3, [r0, #29]
  53:Core/Src/can.c ****   if (HAL_CAN_Init(&hcan1) != HAL_OK)
  80              		.loc 1 53 3 is_stmt 1 view .LVU25
  81              		.loc 1 53 7 is_stmt 0 view .LVU26
  82 002a FFF7FEFF 		bl	HAL_CAN_Init
  83              	.LVL0:
  84              		.loc 1 53 6 discriminator 1 view .LVU27
  85 002e 00B9     		cbnz	r0, .L4
  86              	.L1:
  54:Core/Src/can.c ****   {
  55:Core/Src/can.c ****     Error_Handler();
  56:Core/Src/can.c ****   }
  57:Core/Src/can.c ****   /* USER CODE BEGIN CAN1_Init 2 */
  58:Core/Src/can.c **** 
  59:Core/Src/can.c ****   /* USER CODE END CAN1_Init 2 */
  60:Core/Src/can.c **** 
  61:Core/Src/can.c **** }
  87              		.loc 1 61 1 view .LVU28
  88 0030 08BD     		pop	{r3, pc}
  89              	.L4:
  55:Core/Src/can.c ****   }
  90              		.loc 1 55 5 is_stmt 1 view .LVU29
  91 0032 FFF7FEFF 		bl	Error_Handler
  92              	.LVL1:
  93              		.loc 1 61 1 is_stmt 0 view .LVU30
  94 0036 FBE7     		b	.L1
  95              	.L6:
  96              		.align	2
  97              	.L5:
  98 0038 00000000 		.word	hcan1
  99 003c 00640040 		.word	1073767424
 100              		.cfi_endproc
 101              	.LFE134:
 103              		.section	.text.MX_CAN2_Init,"ax",%progbits
 104              		.align	1
 105              		.global	MX_CAN2_Init
 106              		.syntax unified
 107              		.thumb
 108              		.thumb_func
 110              	MX_CAN2_Init:
 111              	.LFB135:
  62:Core/Src/can.c **** /* CAN2 init function */
ARM GAS  C:\Users\30514\AppData\Local\Temp\ccmtUWIY.s 			page 4


  63:Core/Src/can.c **** void MX_CAN2_Init(void)
  64:Core/Src/can.c **** {
 112              		.loc 1 64 1 is_stmt 1 view -0
 113              		.cfi_startproc
 114              		@ args = 0, pretend = 0, frame = 0
 115              		@ frame_needed = 0, uses_anonymous_args = 0
 116 0000 08B5     		push	{r3, lr}
 117              	.LCFI1:
 118              		.cfi_def_cfa_offset 8
 119              		.cfi_offset 3, -8
 120              		.cfi_offset 14, -4
  65:Core/Src/can.c **** 
  66:Core/Src/can.c ****   /* USER CODE BEGIN CAN2_Init 0 */
  67:Core/Src/can.c **** 
  68:Core/Src/can.c ****   /* USER CODE END CAN2_Init 0 */
  69:Core/Src/can.c **** 
  70:Core/Src/can.c ****   /* USER CODE BEGIN CAN2_Init 1 */
  71:Core/Src/can.c **** 
  72:Core/Src/can.c ****   /* USER CODE END CAN2_Init 1 */
  73:Core/Src/can.c ****   hcan2.Instance = CAN2;
 121              		.loc 1 73 3 view .LVU32
 122              		.loc 1 73 18 is_stmt 0 view .LVU33
 123 0002 0D48     		ldr	r0, .L11
 124 0004 0D4B     		ldr	r3, .L11+4
 125 0006 0360     		str	r3, [r0]
  74:Core/Src/can.c ****   hcan2.Init.Prescaler = 2;
 126              		.loc 1 74 3 is_stmt 1 view .LVU34
 127              		.loc 1 74 24 is_stmt 0 view .LVU35
 128 0008 0223     		movs	r3, #2
 129 000a 4360     		str	r3, [r0, #4]
  75:Core/Src/can.c ****   hcan2.Init.Mode = CAN_MODE_NORMAL;
 130              		.loc 1 75 3 is_stmt 1 view .LVU36
 131              		.loc 1 75 19 is_stmt 0 view .LVU37
 132 000c 0023     		movs	r3, #0
 133 000e 8360     		str	r3, [r0, #8]
  76:Core/Src/can.c ****   hcan2.Init.SyncJumpWidth = CAN_SJW_1TQ;
 134              		.loc 1 76 3 is_stmt 1 view .LVU38
 135              		.loc 1 76 28 is_stmt 0 view .LVU39
 136 0010 C360     		str	r3, [r0, #12]
  77:Core/Src/can.c ****   hcan2.Init.TimeSeg1 = CAN_BS1_15TQ;
 137              		.loc 1 77 3 is_stmt 1 view .LVU40
 138              		.loc 1 77 23 is_stmt 0 view .LVU41
 139 0012 4FF46022 		mov	r2, #917504
 140 0016 0261     		str	r2, [r0, #16]
  78:Core/Src/can.c ****   hcan2.Init.TimeSeg2 = CAN_BS2_5TQ;
 141              		.loc 1 78 3 is_stmt 1 view .LVU42
 142              		.loc 1 78 23 is_stmt 0 view .LVU43
 143 0018 4FF48002 		mov	r2, #4194304
 144 001c 4261     		str	r2, [r0, #20]
  79:Core/Src/can.c ****   hcan2.Init.TimeTriggeredMode = DISABLE;
 145              		.loc 1 79 3 is_stmt 1 view .LVU44
 146              		.loc 1 79 32 is_stmt 0 view .LVU45
 147 001e 0376     		strb	r3, [r0, #24]
  80:Core/Src/can.c ****   hcan2.Init.AutoBusOff = DISABLE;
 148              		.loc 1 80 3 is_stmt 1 view .LVU46
 149              		.loc 1 80 25 is_stmt 0 view .LVU47
 150 0020 4376     		strb	r3, [r0, #25]
ARM GAS  C:\Users\30514\AppData\Local\Temp\ccmtUWIY.s 			page 5


  81:Core/Src/can.c ****   hcan2.Init.AutoWakeUp = DISABLE;
 151              		.loc 1 81 3 is_stmt 1 view .LVU48
 152              		.loc 1 81 25 is_stmt 0 view .LVU49
 153 0022 8376     		strb	r3, [r0, #26]
  82:Core/Src/can.c ****   hcan2.Init.AutoRetransmission = DISABLE;
 154              		.loc 1 82 3 is_stmt 1 view .LVU50
 155              		.loc 1 82 33 is_stmt 0 view .LVU51
 156 0024 C376     		strb	r3, [r0, #27]
  83:Core/Src/can.c ****   hcan2.Init.ReceiveFifoLocked = DISABLE;
 157              		.loc 1 83 3 is_stmt 1 view .LVU52
 158              		.loc 1 83 32 is_stmt 0 view .LVU53
 159 0026 0377     		strb	r3, [r0, #28]
  84:Core/Src/can.c ****   hcan2.Init.TransmitFifoPriority = DISABLE;
 160              		.loc 1 84 3 is_stmt 1 view .LVU54
 161              		.loc 1 84 35 is_stmt 0 view .LVU55
 162 0028 4377     		strb	r3, [r0, #29]
  85:Core/Src/can.c ****   if (HAL_CAN_Init(&hcan2) != HAL_OK)
 163              		.loc 1 85 3 is_stmt 1 view .LVU56
 164              		.loc 1 85 7 is_stmt 0 view .LVU57
 165 002a FFF7FEFF 		bl	HAL_CAN_Init
 166              	.LVL2:
 167              		.loc 1 85 6 discriminator 1 view .LVU58
 168 002e 00B9     		cbnz	r0, .L10
 169              	.L7:
  86:Core/Src/can.c ****   {
  87:Core/Src/can.c ****     Error_Handler();
  88:Core/Src/can.c ****   }
  89:Core/Src/can.c ****   /* USER CODE BEGIN CAN2_Init 2 */
  90:Core/Src/can.c **** 
  91:Core/Src/can.c ****   /* USER CODE END CAN2_Init 2 */
  92:Core/Src/can.c **** 
  93:Core/Src/can.c **** }
 170              		.loc 1 93 1 view .LVU59
 171 0030 08BD     		pop	{r3, pc}
 172              	.L10:
  87:Core/Src/can.c ****   }
 173              		.loc 1 87 5 is_stmt 1 view .LVU60
 174 0032 FFF7FEFF 		bl	Error_Handler
 175              	.LVL3:
 176              		.loc 1 93 1 is_stmt 0 view .LVU61
 177 0036 FBE7     		b	.L7
 178              	.L12:
 179              		.align	2
 180              	.L11:
 181 0038 00000000 		.word	hcan2
 182 003c 00680040 		.word	1073768448
 183              		.cfi_endproc
 184              	.LFE135:
 186              		.section	.text.HAL_CAN_MspInit,"ax",%progbits
 187              		.align	1
 188              		.global	HAL_CAN_MspInit
 189              		.syntax unified
 190              		.thumb
 191              		.thumb_func
 193              	HAL_CAN_MspInit:
 194              	.LVL4:
 195              	.LFB136:
ARM GAS  C:\Users\30514\AppData\Local\Temp\ccmtUWIY.s 			page 6


  94:Core/Src/can.c **** 
  95:Core/Src/can.c **** static uint32_t HAL_RCC_CAN1_CLK_ENABLED=0;
  96:Core/Src/can.c **** 
  97:Core/Src/can.c **** void HAL_CAN_MspInit(CAN_HandleTypeDef* canHandle)
  98:Core/Src/can.c **** {
 196              		.loc 1 98 1 is_stmt 1 view -0
 197              		.cfi_startproc
 198              		@ args = 0, pretend = 0, frame = 40
 199              		@ frame_needed = 0, uses_anonymous_args = 0
 200              		.loc 1 98 1 is_stmt 0 view .LVU63
 201 0000 10B5     		push	{r4, lr}
 202              	.LCFI2:
 203              		.cfi_def_cfa_offset 8
 204              		.cfi_offset 4, -8
 205              		.cfi_offset 14, -4
 206 0002 8AB0     		sub	sp, sp, #40
 207              	.LCFI3:
 208              		.cfi_def_cfa_offset 48
  99:Core/Src/can.c **** 
 100:Core/Src/can.c ****   GPIO_InitTypeDef GPIO_InitStruct = {0};
 209              		.loc 1 100 3 is_stmt 1 view .LVU64
 210              		.loc 1 100 20 is_stmt 0 view .LVU65
 211 0004 0023     		movs	r3, #0
 212 0006 0593     		str	r3, [sp, #20]
 213 0008 0693     		str	r3, [sp, #24]
 214 000a 0793     		str	r3, [sp, #28]
 215 000c 0893     		str	r3, [sp, #32]
 216 000e 0993     		str	r3, [sp, #36]
 101:Core/Src/can.c ****   if(canHandle->Instance==CAN1)
 217              		.loc 1 101 3 is_stmt 1 view .LVU66
 218              		.loc 1 101 15 is_stmt 0 view .LVU67
 219 0010 0368     		ldr	r3, [r0]
 220              		.loc 1 101 5 view .LVU68
 221 0012 474A     		ldr	r2, .L23
 222 0014 9342     		cmp	r3, r2
 223 0016 04D0     		beq	.L19
 102:Core/Src/can.c ****   {
 103:Core/Src/can.c ****   /* USER CODE BEGIN CAN1_MspInit 0 */
 104:Core/Src/can.c **** 
 105:Core/Src/can.c ****   /* USER CODE END CAN1_MspInit 0 */
 106:Core/Src/can.c ****     /* CAN1 clock enable */
 107:Core/Src/can.c ****     HAL_RCC_CAN1_CLK_ENABLED++;
 108:Core/Src/can.c ****     if(HAL_RCC_CAN1_CLK_ENABLED==1){
 109:Core/Src/can.c ****       __HAL_RCC_CAN1_CLK_ENABLE();
 110:Core/Src/can.c ****     }
 111:Core/Src/can.c **** 
 112:Core/Src/can.c ****     __HAL_RCC_GPIOB_CLK_ENABLE();
 113:Core/Src/can.c ****     /**CAN1 GPIO Configuration
 114:Core/Src/can.c ****     PB8     ------> CAN1_RX
 115:Core/Src/can.c ****     PB9     ------> CAN1_TX
 116:Core/Src/can.c ****     */
 117:Core/Src/can.c ****     GPIO_InitStruct.Pin = GPIO_PIN_8|GPIO_PIN_9;
 118:Core/Src/can.c ****     GPIO_InitStruct.Mode = GPIO_MODE_AF_PP;
 119:Core/Src/can.c ****     GPIO_InitStruct.Pull = GPIO_NOPULL;
 120:Core/Src/can.c ****     GPIO_InitStruct.Speed = GPIO_SPEED_FREQ_VERY_HIGH;
 121:Core/Src/can.c ****     GPIO_InitStruct.Alternate = GPIO_AF9_CAN1;
 122:Core/Src/can.c ****     HAL_GPIO_Init(GPIOB, &GPIO_InitStruct);
ARM GAS  C:\Users\30514\AppData\Local\Temp\ccmtUWIY.s 			page 7


 123:Core/Src/can.c **** 
 124:Core/Src/can.c ****     /* CAN1 interrupt Init */
 125:Core/Src/can.c ****     HAL_NVIC_SetPriority(CAN1_RX0_IRQn, 0, 0);
 126:Core/Src/can.c ****     HAL_NVIC_EnableIRQ(CAN1_RX0_IRQn);
 127:Core/Src/can.c ****     HAL_NVIC_SetPriority(CAN1_RX1_IRQn, 0, 0);
 128:Core/Src/can.c ****     HAL_NVIC_EnableIRQ(CAN1_RX1_IRQn);
 129:Core/Src/can.c ****   /* USER CODE BEGIN CAN1_MspInit 1 */
 130:Core/Src/can.c **** 
 131:Core/Src/can.c ****   /* USER CODE END CAN1_MspInit 1 */
 132:Core/Src/can.c ****   }
 133:Core/Src/can.c ****   else if(canHandle->Instance==CAN2)
 224              		.loc 1 133 8 is_stmt 1 view .LVU69
 225              		.loc 1 133 10 is_stmt 0 view .LVU70
 226 0018 464A     		ldr	r2, .L23+4
 227 001a 9342     		cmp	r3, r2
 228 001c 3ED0     		beq	.L20
 229              	.LVL5:
 230              	.L13:
 134:Core/Src/can.c ****   {
 135:Core/Src/can.c ****   /* USER CODE BEGIN CAN2_MspInit 0 */
 136:Core/Src/can.c **** 
 137:Core/Src/can.c ****   /* USER CODE END CAN2_MspInit 0 */
 138:Core/Src/can.c ****     /* CAN2 clock enable */
 139:Core/Src/can.c ****     __HAL_RCC_CAN2_CLK_ENABLE();
 140:Core/Src/can.c ****     HAL_RCC_CAN1_CLK_ENABLED++;
 141:Core/Src/can.c ****     if(HAL_RCC_CAN1_CLK_ENABLED==1){
 142:Core/Src/can.c ****       __HAL_RCC_CAN1_CLK_ENABLE();
 143:Core/Src/can.c ****     }
 144:Core/Src/can.c **** 
 145:Core/Src/can.c ****     __HAL_RCC_GPIOB_CLK_ENABLE();
 146:Core/Src/can.c ****     /**CAN2 GPIO Configuration
 147:Core/Src/can.c ****     PB12     ------> CAN2_RX
 148:Core/Src/can.c ****     PB13     ------> CAN2_TX
 149:Core/Src/can.c ****     */
 150:Core/Src/can.c ****     GPIO_InitStruct.Pin = GPIO_PIN_12|GPIO_PIN_13;
 151:Core/Src/can.c ****     GPIO_InitStruct.Mode = GPIO_MODE_AF_PP;
 152:Core/Src/can.c ****     GPIO_InitStruct.Pull = GPIO_NOPULL;
 153:Core/Src/can.c ****     GPIO_InitStruct.Speed = GPIO_SPEED_FREQ_VERY_HIGH;
 154:Core/Src/can.c ****     GPIO_InitStruct.Alternate = GPIO_AF9_CAN2;
 155:Core/Src/can.c ****     HAL_GPIO_Init(GPIOB, &GPIO_InitStruct);
 156:Core/Src/can.c **** 
 157:Core/Src/can.c ****     /* CAN2 interrupt Init */
 158:Core/Src/can.c ****     HAL_NVIC_SetPriority(CAN2_RX0_IRQn, 0, 0);
 159:Core/Src/can.c ****     HAL_NVIC_EnableIRQ(CAN2_RX0_IRQn);
 160:Core/Src/can.c ****     HAL_NVIC_SetPriority(CAN2_RX1_IRQn, 0, 0);
 161:Core/Src/can.c ****     HAL_NVIC_EnableIRQ(CAN2_RX1_IRQn);
 162:Core/Src/can.c ****   /* USER CODE BEGIN CAN2_MspInit 1 */
 163:Core/Src/can.c **** 
 164:Core/Src/can.c ****   /* USER CODE END CAN2_MspInit 1 */
 165:Core/Src/can.c ****   }
 166:Core/Src/can.c **** }
 231              		.loc 1 166 1 view .LVU71
 232 001e 0AB0     		add	sp, sp, #40
 233              	.LCFI4:
 234              		.cfi_remember_state
 235              		.cfi_def_cfa_offset 8
 236              		@ sp needed
ARM GAS  C:\Users\30514\AppData\Local\Temp\ccmtUWIY.s 			page 8


 237 0020 10BD     		pop	{r4, pc}
 238              	.LVL6:
 239              	.L19:
 240              	.LCFI5:
 241              		.cfi_restore_state
 107:Core/Src/can.c ****     if(HAL_RCC_CAN1_CLK_ENABLED==1){
 242              		.loc 1 107 5 is_stmt 1 view .LVU72
 107:Core/Src/can.c ****     if(HAL_RCC_CAN1_CLK_ENABLED==1){
 243              		.loc 1 107 29 is_stmt 0 view .LVU73
 244 0022 454A     		ldr	r2, .L23+8
 245 0024 1368     		ldr	r3, [r2]
 246 0026 0133     		adds	r3, r3, #1
 247 0028 1360     		str	r3, [r2]
 108:Core/Src/can.c ****       __HAL_RCC_CAN1_CLK_ENABLE();
 248              		.loc 1 108 5 is_stmt 1 view .LVU74
 108:Core/Src/can.c ****       __HAL_RCC_CAN1_CLK_ENABLE();
 249              		.loc 1 108 7 is_stmt 0 view .LVU75
 250 002a 012B     		cmp	r3, #1
 251 002c 29D0     		beq	.L21
 252              	.L15:
 109:Core/Src/can.c ****     }
 253              		.loc 1 109 7 is_stmt 1 discriminator 1 view .LVU76
 112:Core/Src/can.c ****     /**CAN1 GPIO Configuration
 254              		.loc 1 112 5 view .LVU77
 255              	.LBB2:
 112:Core/Src/can.c ****     /**CAN1 GPIO Configuration
 256              		.loc 1 112 5 view .LVU78
 257 002e 0024     		movs	r4, #0
 258 0030 0194     		str	r4, [sp, #4]
 112:Core/Src/can.c ****     /**CAN1 GPIO Configuration
 259              		.loc 1 112 5 view .LVU79
 260 0032 424B     		ldr	r3, .L23+12
 261 0034 1A6B     		ldr	r2, [r3, #48]
 262 0036 42F00202 		orr	r2, r2, #2
 263 003a 1A63     		str	r2, [r3, #48]
 112:Core/Src/can.c ****     /**CAN1 GPIO Configuration
 264              		.loc 1 112 5 view .LVU80
 265 003c 1B6B     		ldr	r3, [r3, #48]
 266 003e 03F00203 		and	r3, r3, #2
 267 0042 0193     		str	r3, [sp, #4]
 112:Core/Src/can.c ****     /**CAN1 GPIO Configuration
 268              		.loc 1 112 5 view .LVU81
 269 0044 019B     		ldr	r3, [sp, #4]
 270              	.LBE2:
 112:Core/Src/can.c ****     /**CAN1 GPIO Configuration
 271              		.loc 1 112 5 view .LVU82
 117:Core/Src/can.c ****     GPIO_InitStruct.Mode = GPIO_MODE_AF_PP;
 272              		.loc 1 117 5 view .LVU83
 117:Core/Src/can.c ****     GPIO_InitStruct.Mode = GPIO_MODE_AF_PP;
 273              		.loc 1 117 25 is_stmt 0 view .LVU84
 274 0046 4FF44073 		mov	r3, #768
 275 004a 0593     		str	r3, [sp, #20]
 118:Core/Src/can.c ****     GPIO_InitStruct.Pull = GPIO_NOPULL;
 276              		.loc 1 118 5 is_stmt 1 view .LVU85
 118:Core/Src/can.c ****     GPIO_InitStruct.Pull = GPIO_NOPULL;
 277              		.loc 1 118 26 is_stmt 0 view .LVU86
 278 004c 0223     		movs	r3, #2
ARM GAS  C:\Users\30514\AppData\Local\Temp\ccmtUWIY.s 			page 9


 279 004e 0693     		str	r3, [sp, #24]
 119:Core/Src/can.c ****     GPIO_InitStruct.Speed = GPIO_SPEED_FREQ_VERY_HIGH;
 280              		.loc 1 119 5 is_stmt 1 view .LVU87
 120:Core/Src/can.c ****     GPIO_InitStruct.Alternate = GPIO_AF9_CAN1;
 281              		.loc 1 120 5 view .LVU88
 120:Core/Src/can.c ****     GPIO_InitStruct.Alternate = GPIO_AF9_CAN1;
 282              		.loc 1 120 27 is_stmt 0 view .LVU89
 283 0050 0323     		movs	r3, #3
 284 0052 0893     		str	r3, [sp, #32]
 121:Core/Src/can.c ****     HAL_GPIO_Init(GPIOB, &GPIO_InitStruct);
 285              		.loc 1 121 5 is_stmt 1 view .LVU90
 121:Core/Src/can.c ****     HAL_GPIO_Init(GPIOB, &GPIO_InitStruct);
 286              		.loc 1 121 31 is_stmt 0 view .LVU91
 287 0054 0923     		movs	r3, #9
 288 0056 0993     		str	r3, [sp, #36]
 122:Core/Src/can.c **** 
 289              		.loc 1 122 5 is_stmt 1 view .LVU92
 290 0058 05A9     		add	r1, sp, #20
 291 005a 3948     		ldr	r0, .L23+16
 292              	.LVL7:
 122:Core/Src/can.c **** 
 293              		.loc 1 122 5 is_stmt 0 view .LVU93
 294 005c FFF7FEFF 		bl	HAL_GPIO_Init
 295              	.LVL8:
 125:Core/Src/can.c ****     HAL_NVIC_EnableIRQ(CAN1_RX0_IRQn);
 296              		.loc 1 125 5 is_stmt 1 view .LVU94
 297 0060 2246     		mov	r2, r4
 298 0062 2146     		mov	r1, r4
 299 0064 1420     		movs	r0, #20
 300 0066 FFF7FEFF 		bl	HAL_NVIC_SetPriority
 301              	.LVL9:
 126:Core/Src/can.c ****     HAL_NVIC_SetPriority(CAN1_RX1_IRQn, 0, 0);
 302              		.loc 1 126 5 view .LVU95
 303 006a 1420     		movs	r0, #20
 304 006c FFF7FEFF 		bl	HAL_NVIC_EnableIRQ
 305              	.LVL10:
 127:Core/Src/can.c ****     HAL_NVIC_EnableIRQ(CAN1_RX1_IRQn);
 306              		.loc 1 127 5 view .LVU96
 307 0070 2246     		mov	r2, r4
 308 0072 2146     		mov	r1, r4
 309 0074 1520     		movs	r0, #21
 310 0076 FFF7FEFF 		bl	HAL_NVIC_SetPriority
 311              	.LVL11:
 128:Core/Src/can.c ****   /* USER CODE BEGIN CAN1_MspInit 1 */
 312              		.loc 1 128 5 view .LVU97
 313 007a 1520     		movs	r0, #21
 314 007c FFF7FEFF 		bl	HAL_NVIC_EnableIRQ
 315              	.LVL12:
 316 0080 CDE7     		b	.L13
 317              	.LVL13:
 318              	.L21:
 109:Core/Src/can.c ****     }
 319              		.loc 1 109 7 view .LVU98
 320              	.LBB3:
 109:Core/Src/can.c ****     }
 321              		.loc 1 109 7 view .LVU99
 322 0082 0023     		movs	r3, #0
ARM GAS  C:\Users\30514\AppData\Local\Temp\ccmtUWIY.s 			page 10


 323 0084 0093     		str	r3, [sp]
 109:Core/Src/can.c ****     }
 324              		.loc 1 109 7 view .LVU100
 325 0086 2D4B     		ldr	r3, .L23+12
 326 0088 1A6C     		ldr	r2, [r3, #64]
 327 008a 42F00072 		orr	r2, r2, #33554432
 328 008e 1A64     		str	r2, [r3, #64]
 109:Core/Src/can.c ****     }
 329              		.loc 1 109 7 view .LVU101
 330 0090 1B6C     		ldr	r3, [r3, #64]
 331 0092 03F00073 		and	r3, r3, #33554432
 332 0096 0093     		str	r3, [sp]
 109:Core/Src/can.c ****     }
 333              		.loc 1 109 7 view .LVU102
 334 0098 009B     		ldr	r3, [sp]
 335 009a C8E7     		b	.L15
 336              	.L20:
 337              	.LBE3:
 139:Core/Src/can.c ****     HAL_RCC_CAN1_CLK_ENABLED++;
 338              		.loc 1 139 5 view .LVU103
 339              	.LBB4:
 139:Core/Src/can.c ****     HAL_RCC_CAN1_CLK_ENABLED++;
 340              		.loc 1 139 5 view .LVU104
 341 009c 0023     		movs	r3, #0
 342 009e 0293     		str	r3, [sp, #8]
 139:Core/Src/can.c ****     HAL_RCC_CAN1_CLK_ENABLED++;
 343              		.loc 1 139 5 view .LVU105
 344 00a0 264B     		ldr	r3, .L23+12
 345 00a2 1A6C     		ldr	r2, [r3, #64]
 346 00a4 42F08062 		orr	r2, r2, #67108864
 347 00a8 1A64     		str	r2, [r3, #64]
 139:Core/Src/can.c ****     HAL_RCC_CAN1_CLK_ENABLED++;
 348              		.loc 1 139 5 view .LVU106
 349 00aa 1B6C     		ldr	r3, [r3, #64]
 350 00ac 03F08063 		and	r3, r3, #67108864
 351 00b0 0293     		str	r3, [sp, #8]
 139:Core/Src/can.c ****     HAL_RCC_CAN1_CLK_ENABLED++;
 352              		.loc 1 139 5 view .LVU107
 353 00b2 029B     		ldr	r3, [sp, #8]
 354              	.LBE4:
 139:Core/Src/can.c ****     HAL_RCC_CAN1_CLK_ENABLED++;
 355              		.loc 1 139 5 view .LVU108
 140:Core/Src/can.c ****     if(HAL_RCC_CAN1_CLK_ENABLED==1){
 356              		.loc 1 140 5 view .LVU109
 140:Core/Src/can.c ****     if(HAL_RCC_CAN1_CLK_ENABLED==1){
 357              		.loc 1 140 29 is_stmt 0 view .LVU110
 358 00b4 204A     		ldr	r2, .L23+8
 359 00b6 1368     		ldr	r3, [r2]
 360 00b8 0133     		adds	r3, r3, #1
 361 00ba 1360     		str	r3, [r2]
 141:Core/Src/can.c ****       __HAL_RCC_CAN1_CLK_ENABLE();
 362              		.loc 1 141 5 is_stmt 1 view .LVU111
 141:Core/Src/can.c ****       __HAL_RCC_CAN1_CLK_ENABLE();
 363              		.loc 1 141 7 is_stmt 0 view .LVU112
 364 00bc 012B     		cmp	r3, #1
 365 00be 29D0     		beq	.L22
 366              	.L17:
ARM GAS  C:\Users\30514\AppData\Local\Temp\ccmtUWIY.s 			page 11


 142:Core/Src/can.c ****     }
 367              		.loc 1 142 7 is_stmt 1 discriminator 1 view .LVU113
 145:Core/Src/can.c ****     /**CAN2 GPIO Configuration
 368              		.loc 1 145 5 view .LVU114
 369              	.LBB5:
 145:Core/Src/can.c ****     /**CAN2 GPIO Configuration
 370              		.loc 1 145 5 view .LVU115
 371 00c0 0024     		movs	r4, #0
 372 00c2 0494     		str	r4, [sp, #16]
 145:Core/Src/can.c ****     /**CAN2 GPIO Configuration
 373              		.loc 1 145 5 view .LVU116
 374 00c4 1D4B     		ldr	r3, .L23+12
 375 00c6 1A6B     		ldr	r2, [r3, #48]
 376 00c8 42F00202 		orr	r2, r2, #2
 377 00cc 1A63     		str	r2, [r3, #48]
 145:Core/Src/can.c ****     /**CAN2 GPIO Configuration
 378              		.loc 1 145 5 view .LVU117
 379 00ce 1B6B     		ldr	r3, [r3, #48]
 380 00d0 03F00203 		and	r3, r3, #2
 381 00d4 0493     		str	r3, [sp, #16]
 145:Core/Src/can.c ****     /**CAN2 GPIO Configuration
 382              		.loc 1 145 5 view .LVU118
 383 00d6 049B     		ldr	r3, [sp, #16]
 384              	.LBE5:
 145:Core/Src/can.c ****     /**CAN2 GPIO Configuration
 385              		.loc 1 145 5 view .LVU119
 150:Core/Src/can.c ****     GPIO_InitStruct.Mode = GPIO_MODE_AF_PP;
 386              		.loc 1 150 5 view .LVU120
 150:Core/Src/can.c ****     GPIO_InitStruct.Mode = GPIO_MODE_AF_PP;
 387              		.loc 1 150 25 is_stmt 0 view .LVU121
 388 00d8 4FF44053 		mov	r3, #12288
 389 00dc 0593     		str	r3, [sp, #20]
 151:Core/Src/can.c ****     GPIO_InitStruct.Pull = GPIO_NOPULL;
 390              		.loc 1 151 5 is_stmt 1 view .LVU122
 151:Core/Src/can.c ****     GPIO_InitStruct.Pull = GPIO_NOPULL;
 391              		.loc 1 151 26 is_stmt 0 view .LVU123
 392 00de 0223     		movs	r3, #2
 393 00e0 0693     		str	r3, [sp, #24]
 152:Core/Src/can.c ****     GPIO_InitStruct.Speed = GPIO_SPEED_FREQ_VERY_HIGH;
 394              		.loc 1 152 5 is_stmt 1 view .LVU124
 153:Core/Src/can.c ****     GPIO_InitStruct.Alternate = GPIO_AF9_CAN2;
 395              		.loc 1 153 5 view .LVU125
 153:Core/Src/can.c ****     GPIO_InitStruct.Alternate = GPIO_AF9_CAN2;
 396              		.loc 1 153 27 is_stmt 0 view .LVU126
 397 00e2 0323     		movs	r3, #3
 398 00e4 0893     		str	r3, [sp, #32]
 154:Core/Src/can.c ****     HAL_GPIO_Init(GPIOB, &GPIO_InitStruct);
 399              		.loc 1 154 5 is_stmt 1 view .LVU127
 154:Core/Src/can.c ****     HAL_GPIO_Init(GPIOB, &GPIO_InitStruct);
 400              		.loc 1 154 31 is_stmt 0 view .LVU128
 401 00e6 0923     		movs	r3, #9
 402 00e8 0993     		str	r3, [sp, #36]
 155:Core/Src/can.c **** 
 403              		.loc 1 155 5 is_stmt 1 view .LVU129
 404 00ea 05A9     		add	r1, sp, #20
 405 00ec 1448     		ldr	r0, .L23+16
 406              	.LVL14:
ARM GAS  C:\Users\30514\AppData\Local\Temp\ccmtUWIY.s 			page 12


 155:Core/Src/can.c **** 
 407              		.loc 1 155 5 is_stmt 0 view .LVU130
 408 00ee FFF7FEFF 		bl	HAL_GPIO_Init
 409              	.LVL15:
 158:Core/Src/can.c ****     HAL_NVIC_EnableIRQ(CAN2_RX0_IRQn);
 410              		.loc 1 158 5 is_stmt 1 view .LVU131
 411 00f2 2246     		mov	r2, r4
 412 00f4 2146     		mov	r1, r4
 413 00f6 4020     		movs	r0, #64
 414 00f8 FFF7FEFF 		bl	HAL_NVIC_SetPriority
 415              	.LVL16:
 159:Core/Src/can.c ****     HAL_NVIC_SetPriority(CAN2_RX1_IRQn, 0, 0);
 416              		.loc 1 159 5 view .LVU132
 417 00fc 4020     		movs	r0, #64
 418 00fe FFF7FEFF 		bl	HAL_NVIC_EnableIRQ
 419              	.LVL17:
 160:Core/Src/can.c ****     HAL_NVIC_EnableIRQ(CAN2_RX1_IRQn);
 420              		.loc 1 160 5 view .LVU133
 421 0102 2246     		mov	r2, r4
 422 0104 2146     		mov	r1, r4
 423 0106 4120     		movs	r0, #65
 424 0108 FFF7FEFF 		bl	HAL_NVIC_SetPriority
 425              	.LVL18:
 161:Core/Src/can.c ****   /* USER CODE BEGIN CAN2_MspInit 1 */
 426              		.loc 1 161 5 view .LVU134
 427 010c 4120     		movs	r0, #65
 428 010e FFF7FEFF 		bl	HAL_NVIC_EnableIRQ
 429              	.LVL19:
 430              		.loc 1 166 1 is_stmt 0 view .LVU135
 431 0112 84E7     		b	.L13
 432              	.LVL20:
 433              	.L22:
 142:Core/Src/can.c ****     }
 434              		.loc 1 142 7 is_stmt 1 view .LVU136
 435              	.LBB6:
 142:Core/Src/can.c ****     }
 436              		.loc 1 142 7 view .LVU137
 437 0114 0023     		movs	r3, #0
 438 0116 0393     		str	r3, [sp, #12]
 142:Core/Src/can.c ****     }
 439              		.loc 1 142 7 view .LVU138
 440 0118 084B     		ldr	r3, .L23+12
 441 011a 1A6C     		ldr	r2, [r3, #64]
 442 011c 42F00072 		orr	r2, r2, #33554432
 443 0120 1A64     		str	r2, [r3, #64]
 142:Core/Src/can.c ****     }
 444              		.loc 1 142 7 view .LVU139
 445 0122 1B6C     		ldr	r3, [r3, #64]
 446 0124 03F00073 		and	r3, r3, #33554432
 447 0128 0393     		str	r3, [sp, #12]
 142:Core/Src/can.c ****     }
 448              		.loc 1 142 7 view .LVU140
 449 012a 039B     		ldr	r3, [sp, #12]
 450 012c C8E7     		b	.L17
 451              	.L24:
 452 012e 00BF     		.align	2
 453              	.L23:
ARM GAS  C:\Users\30514\AppData\Local\Temp\ccmtUWIY.s 			page 13


 454 0130 00640040 		.word	1073767424
 455 0134 00680040 		.word	1073768448
 456 0138 00000000 		.word	HAL_RCC_CAN1_CLK_ENABLED
 457 013c 00380240 		.word	1073887232
 458 0140 00040240 		.word	1073873920
 459              	.LBE6:
 460              		.cfi_endproc
 461              	.LFE136:
 463              		.section	.text.HAL_CAN_MspDeInit,"ax",%progbits
 464              		.align	1
 465              		.global	HAL_CAN_MspDeInit
 466              		.syntax unified
 467              		.thumb
 468              		.thumb_func
 470              	HAL_CAN_MspDeInit:
 471              	.LVL21:
 472              	.LFB137:
 167:Core/Src/can.c **** 
 168:Core/Src/can.c **** void HAL_CAN_MspDeInit(CAN_HandleTypeDef* canHandle)
 169:Core/Src/can.c **** {
 473              		.loc 1 169 1 view -0
 474              		.cfi_startproc
 475              		@ args = 0, pretend = 0, frame = 0
 476              		@ frame_needed = 0, uses_anonymous_args = 0
 477              		.loc 1 169 1 is_stmt 0 view .LVU142
 478 0000 08B5     		push	{r3, lr}
 479              	.LCFI6:
 480              		.cfi_def_cfa_offset 8
 481              		.cfi_offset 3, -8
 482              		.cfi_offset 14, -4
 170:Core/Src/can.c **** 
 171:Core/Src/can.c ****   if(canHandle->Instance==CAN1)
 483              		.loc 1 171 3 is_stmt 1 view .LVU143
 484              		.loc 1 171 15 is_stmt 0 view .LVU144
 485 0002 0368     		ldr	r3, [r0]
 486              		.loc 1 171 5 view .LVU145
 487 0004 1C4A     		ldr	r2, .L33
 488 0006 9342     		cmp	r3, r2
 489 0008 03D0     		beq	.L31
 172:Core/Src/can.c ****   {
 173:Core/Src/can.c ****   /* USER CODE BEGIN CAN1_MspDeInit 0 */
 174:Core/Src/can.c **** 
 175:Core/Src/can.c ****   /* USER CODE END CAN1_MspDeInit 0 */
 176:Core/Src/can.c ****     /* Peripheral clock disable */
 177:Core/Src/can.c ****     HAL_RCC_CAN1_CLK_ENABLED--;
 178:Core/Src/can.c ****     if(HAL_RCC_CAN1_CLK_ENABLED==0){
 179:Core/Src/can.c ****       __HAL_RCC_CAN1_CLK_DISABLE();
 180:Core/Src/can.c ****     }
 181:Core/Src/can.c **** 
 182:Core/Src/can.c ****     /**CAN1 GPIO Configuration
 183:Core/Src/can.c ****     PB8     ------> CAN1_RX
 184:Core/Src/can.c ****     PB9     ------> CAN1_TX
 185:Core/Src/can.c ****     */
 186:Core/Src/can.c ****     HAL_GPIO_DeInit(GPIOB, GPIO_PIN_8|GPIO_PIN_9);
 187:Core/Src/can.c **** 
 188:Core/Src/can.c ****     /* CAN1 interrupt Deinit */
 189:Core/Src/can.c ****     HAL_NVIC_DisableIRQ(CAN1_RX0_IRQn);
ARM GAS  C:\Users\30514\AppData\Local\Temp\ccmtUWIY.s 			page 14


 190:Core/Src/can.c ****     HAL_NVIC_DisableIRQ(CAN1_RX1_IRQn);
 191:Core/Src/can.c ****   /* USER CODE BEGIN CAN1_MspDeInit 1 */
 192:Core/Src/can.c **** 
 193:Core/Src/can.c ****   /* USER CODE END CAN1_MspDeInit 1 */
 194:Core/Src/can.c ****   }
 195:Core/Src/can.c ****   else if(canHandle->Instance==CAN2)
 490              		.loc 1 195 8 is_stmt 1 view .LVU146
 491              		.loc 1 195 10 is_stmt 0 view .LVU147
 492 000a 1C4A     		ldr	r2, .L33+4
 493 000c 9342     		cmp	r3, r2
 494 000e 16D0     		beq	.L32
 495              	.LVL22:
 496              	.L25:
 196:Core/Src/can.c ****   {
 197:Core/Src/can.c ****   /* USER CODE BEGIN CAN2_MspDeInit 0 */
 198:Core/Src/can.c **** 
 199:Core/Src/can.c ****   /* USER CODE END CAN2_MspDeInit 0 */
 200:Core/Src/can.c ****     /* Peripheral clock disable */
 201:Core/Src/can.c ****     __HAL_RCC_CAN2_CLK_DISABLE();
 202:Core/Src/can.c ****     HAL_RCC_CAN1_CLK_ENABLED--;
 203:Core/Src/can.c ****     if(HAL_RCC_CAN1_CLK_ENABLED==0){
 204:Core/Src/can.c ****       __HAL_RCC_CAN1_CLK_DISABLE();
 205:Core/Src/can.c ****     }
 206:Core/Src/can.c **** 
 207:Core/Src/can.c ****     /**CAN2 GPIO Configuration
 208:Core/Src/can.c ****     PB12     ------> CAN2_RX
 209:Core/Src/can.c ****     PB13     ------> CAN2_TX
 210:Core/Src/can.c ****     */
 211:Core/Src/can.c ****     HAL_GPIO_DeInit(GPIOB, GPIO_PIN_12|GPIO_PIN_13);
 212:Core/Src/can.c **** 
 213:Core/Src/can.c ****     /* CAN2 interrupt Deinit */
 214:Core/Src/can.c ****     HAL_NVIC_DisableIRQ(CAN2_RX0_IRQn);
 215:Core/Src/can.c ****     HAL_NVIC_DisableIRQ(CAN2_RX1_IRQn);
 216:Core/Src/can.c ****   /* USER CODE BEGIN CAN2_MspDeInit 1 */
 217:Core/Src/can.c **** 
 218:Core/Src/can.c ****   /* USER CODE END CAN2_MspDeInit 1 */
 219:Core/Src/can.c ****   }
 220:Core/Src/can.c **** }
 497              		.loc 1 220 1 view .LVU148
 498 0010 08BD     		pop	{r3, pc}
 499              	.LVL23:
 500              	.L31:
 177:Core/Src/can.c ****     if(HAL_RCC_CAN1_CLK_ENABLED==0){
 501              		.loc 1 177 5 is_stmt 1 view .LVU149
 177:Core/Src/can.c ****     if(HAL_RCC_CAN1_CLK_ENABLED==0){
 502              		.loc 1 177 29 is_stmt 0 view .LVU150
 503 0012 1B4A     		ldr	r2, .L33+8
 504 0014 1368     		ldr	r3, [r2]
 505 0016 013B     		subs	r3, r3, #1
 506 0018 1360     		str	r3, [r2]
 178:Core/Src/can.c ****       __HAL_RCC_CAN1_CLK_DISABLE();
 507              		.loc 1 178 5 is_stmt 1 view .LVU151
 178:Core/Src/can.c ****       __HAL_RCC_CAN1_CLK_DISABLE();
 508              		.loc 1 178 7 is_stmt 0 view .LVU152
 509 001a 23B9     		cbnz	r3, .L27
 179:Core/Src/can.c ****     }
 510              		.loc 1 179 7 is_stmt 1 view .LVU153
ARM GAS  C:\Users\30514\AppData\Local\Temp\ccmtUWIY.s 			page 15


 511 001c 194A     		ldr	r2, .L33+12
 512 001e 136C     		ldr	r3, [r2, #64]
 513 0020 23F00073 		bic	r3, r3, #33554432
 514 0024 1364     		str	r3, [r2, #64]
 515              	.L27:
 186:Core/Src/can.c **** 
 516              		.loc 1 186 5 view .LVU154
 517 0026 4FF44071 		mov	r1, #768
 518 002a 1748     		ldr	r0, .L33+16
 519              	.LVL24:
 186:Core/Src/can.c **** 
 520              		.loc 1 186 5 is_stmt 0 view .LVU155
 521 002c FFF7FEFF 		bl	HAL_GPIO_DeInit
 522              	.LVL25:
 189:Core/Src/can.c ****     HAL_NVIC_DisableIRQ(CAN1_RX1_IRQn);
 523              		.loc 1 189 5 is_stmt 1 view .LVU156
 524 0030 1420     		movs	r0, #20
 525 0032 FFF7FEFF 		bl	HAL_NVIC_DisableIRQ
 526              	.LVL26:
 190:Core/Src/can.c ****   /* USER CODE BEGIN CAN1_MspDeInit 1 */
 527              		.loc 1 190 5 view .LVU157
 528 0036 1520     		movs	r0, #21
 529 0038 FFF7FEFF 		bl	HAL_NVIC_DisableIRQ
 530              	.LVL27:
 531 003c E8E7     		b	.L25
 532              	.LVL28:
 533              	.L32:
 201:Core/Src/can.c ****     HAL_RCC_CAN1_CLK_ENABLED--;
 534              		.loc 1 201 5 view .LVU158
 535 003e 02F5E832 		add	r2, r2, #118784
 536 0042 136C     		ldr	r3, [r2, #64]
 537 0044 23F08063 		bic	r3, r3, #67108864
 538 0048 1364     		str	r3, [r2, #64]
 202:Core/Src/can.c ****     if(HAL_RCC_CAN1_CLK_ENABLED==0){
 539              		.loc 1 202 5 view .LVU159
 202:Core/Src/can.c ****     if(HAL_RCC_CAN1_CLK_ENABLED==0){
 540              		.loc 1 202 29 is_stmt 0 view .LVU160
 541 004a 0D4A     		ldr	r2, .L33+8
 542 004c 1368     		ldr	r3, [r2]
 543 004e 013B     		subs	r3, r3, #1
 544 0050 1360     		str	r3, [r2]
 203:Core/Src/can.c ****       __HAL_RCC_CAN1_CLK_DISABLE();
 545              		.loc 1 203 5 is_stmt 1 view .LVU161
 203:Core/Src/can.c ****       __HAL_RCC_CAN1_CLK_DISABLE();
 546              		.loc 1 203 7 is_stmt 0 view .LVU162
 547 0052 23B9     		cbnz	r3, .L29
 204:Core/Src/can.c ****     }
 548              		.loc 1 204 7 is_stmt 1 view .LVU163
 549 0054 0B4A     		ldr	r2, .L33+12
 550 0056 136C     		ldr	r3, [r2, #64]
 551 0058 23F00073 		bic	r3, r3, #33554432
 552 005c 1364     		str	r3, [r2, #64]
 553              	.L29:
 211:Core/Src/can.c **** 
 554              		.loc 1 211 5 view .LVU164
 555 005e 4FF44051 		mov	r1, #12288
 556 0062 0948     		ldr	r0, .L33+16
ARM GAS  C:\Users\30514\AppData\Local\Temp\ccmtUWIY.s 			page 16


 557              	.LVL29:
 211:Core/Src/can.c **** 
 558              		.loc 1 211 5 is_stmt 0 view .LVU165
 559 0064 FFF7FEFF 		bl	HAL_GPIO_DeInit
 560              	.LVL30:
 214:Core/Src/can.c ****     HAL_NVIC_DisableIRQ(CAN2_RX1_IRQn);
 561              		.loc 1 214 5 is_stmt 1 view .LVU166
 562 0068 4020     		movs	r0, #64
 563 006a FFF7FEFF 		bl	HAL_NVIC_DisableIRQ
 564              	.LVL31:
 215:Core/Src/can.c ****   /* USER CODE BEGIN CAN2_MspDeInit 1 */
 565              		.loc 1 215 5 view .LVU167
 566 006e 4120     		movs	r0, #65
 567 0070 FFF7FEFF 		bl	HAL_NVIC_DisableIRQ
 568              	.LVL32:
 569              		.loc 1 220 1 is_stmt 0 view .LVU168
 570 0074 CCE7     		b	.L25
 571              	.L34:
 572 0076 00BF     		.align	2
 573              	.L33:
 574 0078 00640040 		.word	1073767424
 575 007c 00680040 		.word	1073768448
 576 0080 00000000 		.word	HAL_RCC_CAN1_CLK_ENABLED
 577 0084 00380240 		.word	1073887232
 578 0088 00040240 		.word	1073873920
 579              		.cfi_endproc
 580              	.LFE137:
 582              		.section	.bss.HAL_RCC_CAN1_CLK_ENABLED,"aw",%nobits
 583              		.align	2
 586              	HAL_RCC_CAN1_CLK_ENABLED:
 587 0000 00000000 		.space	4
 588              		.global	hcan2
 589              		.section	.bss.hcan2,"aw",%nobits
 590              		.align	2
 593              	hcan2:
 594 0000 00000000 		.space	40
 594      00000000 
 594      00000000 
 594      00000000 
 594      00000000 
 595              		.global	hcan1
 596              		.section	.bss.hcan1,"aw",%nobits
 597              		.align	2
 600              	hcan1:
 601 0000 00000000 		.space	40
 601      00000000 
 601      00000000 
 601      00000000 
 601      00000000 
 602              		.text
 603              	.Letext0:
 604              		.file 2 "Drivers/CMSIS/Device/ST/STM32F4xx/Include/stm32f446xx.h"
 605              		.file 3 "D:/enviroment/msys2/mingw64/arm-none-eabi/include/machine/_default_types.h"
 606              		.file 4 "D:/enviroment/msys2/mingw64/arm-none-eabi/include/sys/_stdint.h"
 607              		.file 5 "Drivers/CMSIS/Device/ST/STM32F4xx/Include/stm32f4xx.h"
 608              		.file 6 "Drivers/STM32F4xx_HAL_Driver/Inc/stm32f4xx_hal_def.h"
 609              		.file 7 "Drivers/STM32F4xx_HAL_Driver/Inc/stm32f4xx_hal_gpio.h"
ARM GAS  C:\Users\30514\AppData\Local\Temp\ccmtUWIY.s 			page 17


 610              		.file 8 "Drivers/STM32F4xx_HAL_Driver/Inc/stm32f4xx_hal_can.h"
 611              		.file 9 "Core/Inc/can.h"
 612              		.file 10 "Drivers/STM32F4xx_HAL_Driver/Inc/stm32f4xx_hal_cortex.h"
 613              		.file 11 "Core/Inc/main.h"
ARM GAS  C:\Users\30514\AppData\Local\Temp\ccmtUWIY.s 			page 18


DEFINED SYMBOLS
                            *ABS*:00000000 can.c
C:\Users\30514\AppData\Local\Temp\ccmtUWIY.s:21     .text.MX_CAN1_Init:00000000 $t
C:\Users\30514\AppData\Local\Temp\ccmtUWIY.s:27     .text.MX_CAN1_Init:00000000 MX_CAN1_Init
C:\Users\30514\AppData\Local\Temp\ccmtUWIY.s:98     .text.MX_CAN1_Init:00000038 $d
C:\Users\30514\AppData\Local\Temp\ccmtUWIY.s:600    .bss.hcan1:00000000 hcan1
C:\Users\30514\AppData\Local\Temp\ccmtUWIY.s:104    .text.MX_CAN2_Init:00000000 $t
C:\Users\30514\AppData\Local\Temp\ccmtUWIY.s:110    .text.MX_CAN2_Init:00000000 MX_CAN2_Init
C:\Users\30514\AppData\Local\Temp\ccmtUWIY.s:181    .text.MX_CAN2_Init:00000038 $d
C:\Users\30514\AppData\Local\Temp\ccmtUWIY.s:593    .bss.hcan2:00000000 hcan2
C:\Users\30514\AppData\Local\Temp\ccmtUWIY.s:187    .text.HAL_CAN_MspInit:00000000 $t
C:\Users\30514\AppData\Local\Temp\ccmtUWIY.s:193    .text.HAL_CAN_MspInit:00000000 HAL_CAN_MspInit
C:\Users\30514\AppData\Local\Temp\ccmtUWIY.s:454    .text.HAL_CAN_MspInit:00000130 $d
C:\Users\30514\AppData\Local\Temp\ccmtUWIY.s:586    .bss.HAL_RCC_CAN1_CLK_ENABLED:00000000 HAL_RCC_CAN1_CLK_ENABLED
C:\Users\30514\AppData\Local\Temp\ccmtUWIY.s:464    .text.HAL_CAN_MspDeInit:00000000 $t
C:\Users\30514\AppData\Local\Temp\ccmtUWIY.s:470    .text.HAL_CAN_MspDeInit:00000000 HAL_CAN_MspDeInit
C:\Users\30514\AppData\Local\Temp\ccmtUWIY.s:574    .text.HAL_CAN_MspDeInit:00000078 $d
C:\Users\30514\AppData\Local\Temp\ccmtUWIY.s:583    .bss.HAL_RCC_CAN1_CLK_ENABLED:00000000 $d
C:\Users\30514\AppData\Local\Temp\ccmtUWIY.s:590    .bss.hcan2:00000000 $d
C:\Users\30514\AppData\Local\Temp\ccmtUWIY.s:597    .bss.hcan1:00000000 $d

UNDEFINED SYMBOLS
HAL_CAN_Init
Error_Handler
HAL_GPIO_Init
HAL_NVIC_SetPriority
HAL_NVIC_EnableIRQ
HAL_GPIO_DeInit
HAL_NVIC_DisableIRQ
