ARM GAS  C:\Users\30514\AppData\Local\Temp\ccfwGPXg.s 			page 1


   1              		.cpu cortex-m4
   2              		.arch armv7e-m
   3              		.fpu fpv4-sp-d16
   4              		.eabi_attribute 27, 1
   5              		.eabi_attribute 28, 1
   6              		.eabi_attribute 20, 1
   7              		.eabi_attribute 21, 1
   8              		.eabi_attribute 23, 3
   9              		.eabi_attribute 24, 1
  10              		.eabi_attribute 25, 1
  11              		.eabi_attribute 26, 1
  12              		.eabi_attribute 30, 6
  13              		.eabi_attribute 34, 1
  14              		.eabi_attribute 18, 4
  15              		.file	"dm_ctrl.c"
  16              		.text
  17              	.Ltext0:
  18              		.cfi_sections	.debug_frame
  19              		.file 1 "Module/motor/dm_ctrl.c"
  20              		.global	motor
  21              		.section	.bss.motor,"aw",%nobits
  22              		.align	2
  25              	motor:
  26 0000 00000000 		.space	216
  26      00000000 
  26      00000000 
  26      00000000 
  26      00000000 
  27              		.section	.text.dm4310_motor_init,"ax",%progbits
  28              		.align	1
  29              		.global	dm4310_motor_init
  30              		.syntax unified
  31              		.thumb
  32              		.thumb_func
  34              	dm4310_motor_init:
  35              	.LFB134:
   1:Module/motor/dm_ctrl.c **** #include "dm_drv.h"
   2:Module/motor/dm_ctrl.c **** #include "dm_ctrl.h"
   3:Module/motor/dm_ctrl.c **** #include "can_driver.h"
   4:Module/motor/dm_ctrl.c **** #include "string.h"
   5:Module/motor/dm_ctrl.c **** 
   6:Module/motor/dm_ctrl.c **** motor_t motor[num];
   7:Module/motor/dm_ctrl.c **** 
   8:Module/motor/dm_ctrl.c **** /**
   9:Module/motor/dm_ctrl.c **** ************************************************************************
  10:Module/motor/dm_ctrl.c **** * @brief:      	dm4310_motor_init: DM4310ÁîµÊú∫ÂàùÂßãÂåñÂáΩÊï∞
  11:Module/motor/dm_ctrl.c **** * @param:      	void
  12:Module/motor/dm_ctrl.c **** * @retval:     	void
  13:Module/motor/dm_ctrl.c **** * @details:    	ÂàùÂßãÂåñ‰∏â‰∏™DM4310ÂûãÂè∑ÁöÑÁîµÊú∫ÔºåËÆæÁΩÆÈªòËÆ§ÂèÇÊï∞ÂíåÊéßÂà∂Ê®°Âºè„ÄÇ
  14:Module/motor/dm_ctrl.c **** *               ÂàÜÂà´ÂàùÂßãÂåñMotor1ÂíåMotor2ÔºåËÆæÁΩÆID„ÄÅÊéßÂà∂Ê®°ÂºèÂíåÂëΩ‰ª§Ê®°ÂºèÁ≠â‰ø°ÊÅØ„ÄÇ
  15:Module/motor/dm_ctrl.c **** ************************************************************************
  16:Module/motor/dm_ctrl.c **** **/
  17:Module/motor/dm_ctrl.c **** void dm4310_motor_init(void)
  18:Module/motor/dm_ctrl.c **** {
  36              		.loc 1 18 1
  37              		.cfi_startproc
  38              		@ args = 0, pretend = 0, frame = 0
ARM GAS  C:\Users\30514\AppData\Local\Temp\ccfwGPXg.s 			page 2


  39              		@ frame_needed = 1, uses_anonymous_args = 0
  40 0000 80B5     		push	{r7, lr}
  41              	.LCFI0:
  42              		.cfi_def_cfa_offset 8
  43              		.cfi_offset 7, -8
  44              		.cfi_offset 14, -4
  45 0002 00AF     		add	r7, sp, #0
  46              	.LCFI1:
  47              		.cfi_def_cfa_register 7
  19:Module/motor/dm_ctrl.c **** 	// ÂàùÂßãÂåñMotor1ÂíåMotor2ÁöÑÁîµÊú∫ÁªìÊûÑ
  20:Module/motor/dm_ctrl.c **** 	memset(&motor[Motor1], 0, sizeof(motor[Motor1]));
  48              		.loc 1 20 2
  49 0004 6C22     		movs	r2, #108
  50 0006 0021     		movs	r1, #0
  51 0008 2548     		ldr	r0, .L2
  52 000a FFF7FEFF 		bl	memset
  21:Module/motor/dm_ctrl.c **** 	memset(&motor[Motor2], 0, sizeof(motor[Motor2]));
  53              		.loc 1 21 2
  54 000e 6C22     		movs	r2, #108
  55 0010 0021     		movs	r1, #0
  56 0012 2448     		ldr	r0, .L2+4
  57 0014 FFF7FEFF 		bl	memset
  22:Module/motor/dm_ctrl.c **** 	// memset(&motor[Motor3], 0, sizeof(motor[Motor2]));
  23:Module/motor/dm_ctrl.c **** 
  24:Module/motor/dm_ctrl.c **** 	// ËÆæÁΩÆMotor1ÁöÑÁîµÊú∫‰ø°ÊÅØ
  25:Module/motor/dm_ctrl.c **** 	motor[Motor1].id = 1;
  58              		.loc 1 25 19
  59 0018 214B     		ldr	r3, .L2
  60 001a 0122     		movs	r2, #1
  61 001c 1A70     		strb	r2, [r3]
  26:Module/motor/dm_ctrl.c **** 	motor[Motor1].ctrl.mode = 0; // 0: MITÊ®°Âºè   1: ‰ΩçÁΩÆÈÄüÂ∫¶Ê®°Âºè   2: ÈÄüÂ∫¶Ê®°Âºè
  62              		.loc 1 26 26
  63 001e 204B     		ldr	r3, .L2
  64 0020 0022     		movs	r2, #0
  65 0022 83F83C20 		strb	r2, [r3, #60]
  27:Module/motor/dm_ctrl.c **** 	motor[Motor1].cmd.mode = 0;
  66              		.loc 1 27 25
  67 0026 1E4B     		ldr	r3, .L2
  68 0028 0022     		movs	r2, #0
  69 002a 83F85420 		strb	r2, [r3, #84]
  28:Module/motor/dm_ctrl.c **** 	motor[Motor1].cmd.pos_set = 0.0f;
  70              		.loc 1 28 28
  71 002e 1C4B     		ldr	r3, .L2
  72 0030 4FF00002 		mov	r2, #0
  73 0034 9A65     		str	r2, [r3, #88]	@ float
  29:Module/motor/dm_ctrl.c ****   	motor[Motor1].cmd.vel_set = 0.0f;
  74              		.loc 1 29 30
  75 0036 1A4B     		ldr	r3, .L2
  76 0038 4FF00002 		mov	r2, #0
  77 003c DA65     		str	r2, [r3, #92]	@ float
  30:Module/motor/dm_ctrl.c ****   	motor[Motor1].cmd.kp_set = 80.0f; // ‰ΩçÁΩÆÂ¢ûÁõä
  78              		.loc 1 30 29
  79 003e 184B     		ldr	r3, .L2
  80 0040 194A     		ldr	r2, .L2+8
  81 0042 5A66     		str	r2, [r3, #100]	@ float
  31:Module/motor/dm_ctrl.c ****   	motor[Motor1].cmd.kd_set = 2.0f;  // ÈÄüÂ∫¶Â¢ûÁõä
  82              		.loc 1 31 29
ARM GAS  C:\Users\30514\AppData\Local\Temp\ccfwGPXg.s 			page 3


  83 0044 164B     		ldr	r3, .L2
  84 0046 4FF08042 		mov	r2, #1073741824
  85 004a 9A66     		str	r2, [r3, #104]	@ float
  32:Module/motor/dm_ctrl.c ****  	motor[Motor1].cmd.tor_set = 0.5f;
  86              		.loc 1 32 29
  87 004c 144B     		ldr	r3, .L2
  88 004e 4FF07C52 		mov	r2, #1056964608
  89 0052 1A66     		str	r2, [r3, #96]	@ float
  33:Module/motor/dm_ctrl.c **** 
  34:Module/motor/dm_ctrl.c **** 	// ËÆæÁΩÆMotor2ÁöÑÁîµÊú∫‰ø°ÊÅØ
  35:Module/motor/dm_ctrl.c **** 	motor[Motor2].id = 3;
  90              		.loc 1 35 19
  91 0054 124B     		ldr	r3, .L2
  92 0056 0322     		movs	r2, #3
  93 0058 83F86C20 		strb	r2, [r3, #108]
  36:Module/motor/dm_ctrl.c **** 	motor[Motor2].ctrl.mode = 0;
  94              		.loc 1 36 26
  95 005c 104B     		ldr	r3, .L2
  96 005e 0022     		movs	r2, #0
  97 0060 83F8A820 		strb	r2, [r3, #168]
  37:Module/motor/dm_ctrl.c **** 	motor[Motor2].cmd.mode = 0;
  98              		.loc 1 37 25
  99 0064 0E4B     		ldr	r3, .L2
 100 0066 0022     		movs	r2, #0
 101 0068 83F8C020 		strb	r2, [r3, #192]
  38:Module/motor/dm_ctrl.c **** 	motor[Motor2].cmd.pos_set = 0.0f;
 102              		.loc 1 38 28
 103 006c 0C4B     		ldr	r3, .L2
 104 006e 4FF00002 		mov	r2, #0
 105 0072 C3F8C420 		str	r2, [r3, #196]	@ float
  39:Module/motor/dm_ctrl.c ****   	motor[Motor2].cmd.vel_set = 0.0f;
 106              		.loc 1 39 30
 107 0076 0A4B     		ldr	r3, .L2
 108 0078 4FF00002 		mov	r2, #0
 109 007c C3F8C820 		str	r2, [r3, #200]	@ float
  40:Module/motor/dm_ctrl.c ****   	motor[Motor2].cmd.kp_set = 80.0f; // ‰ΩçÁΩÆÂ¢ûÁõä
 110              		.loc 1 40 29
 111 0080 074B     		ldr	r3, .L2
 112 0082 094A     		ldr	r2, .L2+8
 113 0084 C3F8D020 		str	r2, [r3, #208]	@ float
  41:Module/motor/dm_ctrl.c ****   	motor[Motor2].cmd.kd_set = 2.0f;  // ÈÄüÂ∫¶Â¢ûÁõä
 114              		.loc 1 41 29
 115 0088 054B     		ldr	r3, .L2
 116 008a 4FF08042 		mov	r2, #1073741824
 117 008e C3F8D420 		str	r2, [r3, #212]	@ float
  42:Module/motor/dm_ctrl.c ****  	motor[Motor2].cmd.tor_set = 0.5f;
 118              		.loc 1 42 29
 119 0092 034B     		ldr	r3, .L2
 120 0094 4FF07C52 		mov	r2, #1056964608
 121 0098 C3F8CC20 		str	r2, [r3, #204]	@ float
  43:Module/motor/dm_ctrl.c **** 	// ËÆæÁΩÆMotor3ÁöÑÁîµÊú∫‰ø°ÊÅØ
  44:Module/motor/dm_ctrl.c **** 	// motor[Motor3].id = 2;
  45:Module/motor/dm_ctrl.c **** 	// motor[Motor3].ctrl.mode = 2;
  46:Module/motor/dm_ctrl.c **** 	// motor[Motor3].cmd.mode = 2;
  47:Module/motor/dm_ctrl.c **** }
 122              		.loc 1 47 1
 123 009c 00BF     		nop
ARM GAS  C:\Users\30514\AppData\Local\Temp\ccfwGPXg.s 			page 4


 124 009e 80BD     		pop	{r7, pc}
 125              	.L3:
 126              		.align	2
 127              	.L2:
 128 00a0 00000000 		.word	motor
 129 00a4 6C000000 		.word	motor+108
 130 00a8 0000A042 		.word	1117782016
 131              		.cfi_endproc
 132              	.LFE134:
 134              		.section	.text.ctrl_enable,"ax",%progbits
 135              		.align	1
 136              		.global	ctrl_enable
 137              		.syntax unified
 138              		.thumb
 139              		.thumb_func
 141              	ctrl_enable:
 142              	.LFB135:
  48:Module/motor/dm_ctrl.c **** 
  49:Module/motor/dm_ctrl.c **** /**
  50:Module/motor/dm_ctrl.c **** ************************************************************************
  51:Module/motor/dm_ctrl.c **** * @brief:      	ctrl_enable: ÂêØÁî®ÁîµÊú∫ÊéßÂà∂ÂáΩÊï∞
  52:Module/motor/dm_ctrl.c **** * @param:      	void
  53:Module/motor/dm_ctrl.c **** * @retval:     	void
  54:Module/motor/dm_ctrl.c **** * @details:    	Ê†πÊçÆÂΩìÂâçÁîµÊú∫IDÔºàmotor_idÔºâÔºåÂêØÁî®ÂØπÂ∫îÁöÑÁîµÊú∫ÊéßÂà∂„ÄÇ
  55:Module/motor/dm_ctrl.c **** *               ËÆæÁΩÆÊåáÂÆöÁîµÊú∫ÁöÑÂêØÂä®Ê†áÂøóÔºåÂπ∂Ë∞ÉÁî®dm4310_enableÂáΩÊï∞ÂêØÁî®ÁîµÊú∫„ÄÇ
  56:Module/motor/dm_ctrl.c **** ************************************************************************
  57:Module/motor/dm_ctrl.c **** **/
  58:Module/motor/dm_ctrl.c **** void ctrl_enable(uint32_t motor_mask)
  59:Module/motor/dm_ctrl.c **** {
 143              		.loc 1 59 1
 144              		.cfi_startproc
 145              		@ args = 0, pretend = 0, frame = 8
 146              		@ frame_needed = 1, uses_anonymous_args = 0
 147 0000 80B5     		push	{r7, lr}
 148              	.LCFI2:
 149              		.cfi_def_cfa_offset 8
 150              		.cfi_offset 7, -8
 151              		.cfi_offset 14, -4
 152 0002 82B0     		sub	sp, sp, #8
 153              	.LCFI3:
 154              		.cfi_def_cfa_offset 16
 155 0004 00AF     		add	r7, sp, #0
 156              	.LCFI4:
 157              		.cfi_def_cfa_register 7
 158 0006 7860     		str	r0, [r7, #4]
  60:Module/motor/dm_ctrl.c **** 	if (motor_mask & MOTOR1_BIT)
 159              		.loc 1 60 17
 160 0008 7B68     		ldr	r3, [r7, #4]
 161 000a 03F00103 		and	r3, r3, #1
 162              		.loc 1 60 5
 163 000e 002B     		cmp	r3, #0
 164 0010 06D0     		beq	.L5
  61:Module/motor/dm_ctrl.c **** 	{
  62:Module/motor/dm_ctrl.c **** 		motor[Motor1].start_flag = 1;
 165              		.loc 1 62 28
 166 0012 0D4B     		ldr	r3, .L8
 167 0014 0122     		movs	r2, #1
ARM GAS  C:\Users\30514\AppData\Local\Temp\ccfwGPXg.s 			page 5


 168 0016 5A70     		strb	r2, [r3, #1]
  63:Module/motor/dm_ctrl.c **** 		dm4310_enable(&hcan1, &motor[Motor1]);
 169              		.loc 1 63 3
 170 0018 0B49     		ldr	r1, .L8
 171 001a 0C48     		ldr	r0, .L8+4
 172 001c FFF7FEFF 		bl	dm4310_enable
 173              	.L5:
  64:Module/motor/dm_ctrl.c **** 	}
  65:Module/motor/dm_ctrl.c **** 	HAL_Delay(5);
 174              		.loc 1 65 2
 175 0020 0520     		movs	r0, #5
 176 0022 FFF7FEFF 		bl	HAL_Delay
  66:Module/motor/dm_ctrl.c **** 	if (motor_mask & MOTOR2_BIT)
 177              		.loc 1 66 17
 178 0026 7B68     		ldr	r3, [r7, #4]
 179 0028 03F00203 		and	r3, r3, #2
 180              		.loc 1 66 5
 181 002c 002B     		cmp	r3, #0
 182 002e 07D0     		beq	.L7
  67:Module/motor/dm_ctrl.c **** 	{
  68:Module/motor/dm_ctrl.c **** 		motor[Motor2].start_flag = 1;
 183              		.loc 1 68 28
 184 0030 054B     		ldr	r3, .L8
 185 0032 0122     		movs	r2, #1
 186 0034 83F86D20 		strb	r2, [r3, #109]
  69:Module/motor/dm_ctrl.c **** 		dm4310_enable(&hcan1, &motor[Motor2]);
 187              		.loc 1 69 3
 188 0038 0549     		ldr	r1, .L8+8
 189 003a 0448     		ldr	r0, .L8+4
 190 003c FFF7FEFF 		bl	dm4310_enable
 191              	.L7:
  70:Module/motor/dm_ctrl.c **** 	}
  71:Module/motor/dm_ctrl.c **** }
 192              		.loc 1 71 1
 193 0040 00BF     		nop
 194 0042 0837     		adds	r7, r7, #8
 195              	.LCFI5:
 196              		.cfi_def_cfa_offset 8
 197 0044 BD46     		mov	sp, r7
 198              	.LCFI6:
 199              		.cfi_def_cfa_register 13
 200              		@ sp needed
 201 0046 80BD     		pop	{r7, pc}
 202              	.L9:
 203              		.align	2
 204              	.L8:
 205 0048 00000000 		.word	motor
 206 004c 00000000 		.word	hcan1
 207 0050 6C000000 		.word	motor+108
 208              		.cfi_endproc
 209              	.LFE135:
 211              		.section	.text.ctrl_disable,"ax",%progbits
 212              		.align	1
 213              		.global	ctrl_disable
 214              		.syntax unified
 215              		.thumb
 216              		.thumb_func
ARM GAS  C:\Users\30514\AppData\Local\Temp\ccfwGPXg.s 			page 6


 218              	ctrl_disable:
 219              	.LFB136:
  72:Module/motor/dm_ctrl.c **** /**
  73:Module/motor/dm_ctrl.c **** ************************************************************************
  74:Module/motor/dm_ctrl.c **** * @brief:      	ctrl_disable: Á¶ÅÁî®ÁîµÊú∫ÊéßÂà∂ÂáΩÊï∞
  75:Module/motor/dm_ctrl.c **** * @param:      	void
  76:Module/motor/dm_ctrl.c **** * @retval:     	void
  77:Module/motor/dm_ctrl.c **** * @details:    	Ê†πÊçÆÂΩìÂâçÁîµÊú∫IDÔºàmotor_idÔºâÔºåÁ¶ÅÁî®ÂØπÂ∫îÁöÑÁîµÊú∫ÊéßÂà∂„ÄÇ
  78:Module/motor/dm_ctrl.c **** *               ËÆæÁΩÆÊåáÂÆöÁîµÊú∫ÁöÑÂêØÂä®Ê†áÂøó‰∏∫0ÔºåÂπ∂Ë∞ÉÁî®dm4310_disableÂáΩÊï∞Á¶ÅÁî®ÁîµÊú∫„Ä
  79:Module/motor/dm_ctrl.c **** ************************************************************************
  80:Module/motor/dm_ctrl.c **** **/
  81:Module/motor/dm_ctrl.c **** void ctrl_disable(uint32_t motor_mask)
  82:Module/motor/dm_ctrl.c **** {
 220              		.loc 1 82 1
 221              		.cfi_startproc
 222              		@ args = 0, pretend = 0, frame = 8
 223              		@ frame_needed = 1, uses_anonymous_args = 0
 224 0000 80B5     		push	{r7, lr}
 225              	.LCFI7:
 226              		.cfi_def_cfa_offset 8
 227              		.cfi_offset 7, -8
 228              		.cfi_offset 14, -4
 229 0002 82B0     		sub	sp, sp, #8
 230              	.LCFI8:
 231              		.cfi_def_cfa_offset 16
 232 0004 00AF     		add	r7, sp, #0
 233              	.LCFI9:
 234              		.cfi_def_cfa_register 7
 235 0006 7860     		str	r0, [r7, #4]
  83:Module/motor/dm_ctrl.c **** 	if (motor_mask & MOTOR1_BIT)
 236              		.loc 1 83 17
 237 0008 7B68     		ldr	r3, [r7, #4]
 238 000a 03F00103 		and	r3, r3, #1
 239              		.loc 1 83 5
 240 000e 002B     		cmp	r3, #0
 241 0010 06D0     		beq	.L11
  84:Module/motor/dm_ctrl.c **** 	{
  85:Module/motor/dm_ctrl.c **** 		motor[Motor1].start_flag = 0;
 242              		.loc 1 85 28
 243 0012 0C4B     		ldr	r3, .L14
 244 0014 0022     		movs	r2, #0
 245 0016 5A70     		strb	r2, [r3, #1]
  86:Module/motor/dm_ctrl.c **** 		dm4310_disable(&hcan1, &motor[Motor1]);
 246              		.loc 1 86 3
 247 0018 0A49     		ldr	r1, .L14
 248 001a 0B48     		ldr	r0, .L14+4
 249 001c FFF7FEFF 		bl	dm4310_disable
 250              	.L11:
  87:Module/motor/dm_ctrl.c **** 	}
  88:Module/motor/dm_ctrl.c **** 
  89:Module/motor/dm_ctrl.c **** 	if (motor_mask & MOTOR2_BIT)
 251              		.loc 1 89 17
 252 0020 7B68     		ldr	r3, [r7, #4]
 253 0022 03F00203 		and	r3, r3, #2
 254              		.loc 1 89 5
 255 0026 002B     		cmp	r3, #0
 256 0028 07D0     		beq	.L13
ARM GAS  C:\Users\30514\AppData\Local\Temp\ccfwGPXg.s 			page 7


  90:Module/motor/dm_ctrl.c **** 	{
  91:Module/motor/dm_ctrl.c **** 		motor[Motor2].start_flag = 0;
 257              		.loc 1 91 28
 258 002a 064B     		ldr	r3, .L14
 259 002c 0022     		movs	r2, #0
 260 002e 83F86D20 		strb	r2, [r3, #109]
  92:Module/motor/dm_ctrl.c **** 		dm4310_disable(&hcan1, &motor[Motor2]);
 261              		.loc 1 92 3
 262 0032 0649     		ldr	r1, .L14+8
 263 0034 0448     		ldr	r0, .L14+4
 264 0036 FFF7FEFF 		bl	dm4310_disable
 265              	.L13:
  93:Module/motor/dm_ctrl.c **** 	}
  94:Module/motor/dm_ctrl.c **** }
 266              		.loc 1 94 1
 267 003a 00BF     		nop
 268 003c 0837     		adds	r7, r7, #8
 269              	.LCFI10:
 270              		.cfi_def_cfa_offset 8
 271 003e BD46     		mov	sp, r7
 272              	.LCFI11:
 273              		.cfi_def_cfa_register 13
 274              		@ sp needed
 275 0040 80BD     		pop	{r7, pc}
 276              	.L15:
 277 0042 00BF     		.align	2
 278              	.L14:
 279 0044 00000000 		.word	motor
 280 0048 00000000 		.word	hcan1
 281 004c 6C000000 		.word	motor+108
 282              		.cfi_endproc
 283              	.LFE136:
 285              		.section	.text.ctrl_set,"ax",%progbits
 286              		.align	1
 287              		.global	ctrl_set
 288              		.syntax unified
 289              		.thumb
 290              		.thumb_func
 292              	ctrl_set:
 293              	.LFB137:
  95:Module/motor/dm_ctrl.c **** /**
  96:Module/motor/dm_ctrl.c **** ************************************************************************
  97:Module/motor/dm_ctrl.c **** * @brief:      	ctrl_set: ËÆæÁΩÆÁîµÊú∫ÂèÇÊï∞ÂáΩÊï∞
  98:Module/motor/dm_ctrl.c **** * @param:      	void
  99:Module/motor/dm_ctrl.c **** * @retval:     	void
 100:Module/motor/dm_ctrl.c **** * @details:    	Ê†πÊçÆÂΩìÂâçÁîµÊú∫IDÔºàmotor_idÔºâÔºåËÆæÁΩÆÂØπÂ∫îÁîµÊú∫ÁöÑÂèÇÊï∞„ÄÇ
 101:Module/motor/dm_ctrl.c **** *               Ë∞ÉÁî®dm4310_setÂáΩÊï∞ËÆæÁΩÆÊåáÂÆöÁîµÊú∫ÁöÑÂèÇÊï∞Ôºå‰ª•ÂìçÂ∫îÂ§ñÈÉ®ÂëΩ‰ª§„ÄÇ
 102:Module/motor/dm_ctrl.c **** ************************************************************************
 103:Module/motor/dm_ctrl.c **** **/
 104:Module/motor/dm_ctrl.c **** void ctrl_set(uint32_t motor_mask)
 105:Module/motor/dm_ctrl.c **** {
 294              		.loc 1 105 1
 295              		.cfi_startproc
 296              		@ args = 0, pretend = 0, frame = 8
 297              		@ frame_needed = 1, uses_anonymous_args = 0
 298 0000 80B5     		push	{r7, lr}
 299              	.LCFI12:
ARM GAS  C:\Users\30514\AppData\Local\Temp\ccfwGPXg.s 			page 8


 300              		.cfi_def_cfa_offset 8
 301              		.cfi_offset 7, -8
 302              		.cfi_offset 14, -4
 303 0002 82B0     		sub	sp, sp, #8
 304              	.LCFI13:
 305              		.cfi_def_cfa_offset 16
 306 0004 00AF     		add	r7, sp, #0
 307              	.LCFI14:
 308              		.cfi_def_cfa_register 7
 309 0006 7860     		str	r0, [r7, #4]
 106:Module/motor/dm_ctrl.c **** 	if (motor_mask & MOTOR1_BIT)
 310              		.loc 1 106 17
 311 0008 7B68     		ldr	r3, [r7, #4]
 312 000a 03F00103 		and	r3, r3, #1
 313              		.loc 1 106 5
 314 000e 002B     		cmp	r3, #0
 315 0010 02D0     		beq	.L17
 107:Module/motor/dm_ctrl.c **** 	{
 108:Module/motor/dm_ctrl.c **** 		dm4310_set(&motor[Motor1]);
 316              		.loc 1 108 3
 317 0012 0748     		ldr	r0, .L20
 318 0014 FFF7FEFF 		bl	dm4310_set
 319              	.L17:
 109:Module/motor/dm_ctrl.c **** 	}
 110:Module/motor/dm_ctrl.c **** 
 111:Module/motor/dm_ctrl.c **** 	if (motor_mask & MOTOR2_BIT)
 320              		.loc 1 111 17
 321 0018 7B68     		ldr	r3, [r7, #4]
 322 001a 03F00203 		and	r3, r3, #2
 323              		.loc 1 111 5
 324 001e 002B     		cmp	r3, #0
 325 0020 02D0     		beq	.L19
 112:Module/motor/dm_ctrl.c **** 	{
 113:Module/motor/dm_ctrl.c **** 		dm4310_set(&motor[Motor2]);
 326              		.loc 1 113 3
 327 0022 0448     		ldr	r0, .L20+4
 328 0024 FFF7FEFF 		bl	dm4310_set
 329              	.L19:
 114:Module/motor/dm_ctrl.c **** 	}
 115:Module/motor/dm_ctrl.c **** }
 330              		.loc 1 115 1
 331 0028 00BF     		nop
 332 002a 0837     		adds	r7, r7, #8
 333              	.LCFI15:
 334              		.cfi_def_cfa_offset 8
 335 002c BD46     		mov	sp, r7
 336              	.LCFI16:
 337              		.cfi_def_cfa_register 13
 338              		@ sp needed
 339 002e 80BD     		pop	{r7, pc}
 340              	.L21:
 341              		.align	2
 342              	.L20:
 343 0030 00000000 		.word	motor
 344 0034 6C000000 		.word	motor+108
 345              		.cfi_endproc
 346              	.LFE137:
ARM GAS  C:\Users\30514\AppData\Local\Temp\ccfwGPXg.s 			page 9


 348              		.section	.text.ctrl_clear_para,"ax",%progbits
 349              		.align	1
 350              		.global	ctrl_clear_para
 351              		.syntax unified
 352              		.thumb
 353              		.thumb_func
 355              	ctrl_clear_para:
 356              	.LFB138:
 116:Module/motor/dm_ctrl.c **** /**
 117:Module/motor/dm_ctrl.c **** ************************************************************************
 118:Module/motor/dm_ctrl.c **** * @brief:      	ctrl_clear_para: Ê∏ÖÈô§ÁîµÊú∫ÂèÇÊï∞ÂáΩÊï∞
 119:Module/motor/dm_ctrl.c **** * @param:      	void
 120:Module/motor/dm_ctrl.c **** * @retval:     	void
 121:Module/motor/dm_ctrl.c **** * @details:    	Ê†πÊçÆÂΩìÂâçÁîµÊú∫IDÔºàmotor_idÔºâÔºåÊ∏ÖÈô§ÂØπÂ∫îÁîµÊú∫ÁöÑÂèÇÊï∞„ÄÇ
 122:Module/motor/dm_ctrl.c **** *               Ë∞ÉÁî®dm4310_clearÂáΩÊï∞Ê∏ÖÈô§ÊåáÂÆöÁîµÊú∫ÁöÑÂèÇÊï∞Ôºå‰ª•ÂìçÂ∫îÂ§ñÈÉ®ÂëΩ‰ª§„ÄÇ
 123:Module/motor/dm_ctrl.c **** ************************************************************************
 124:Module/motor/dm_ctrl.c **** **/
 125:Module/motor/dm_ctrl.c **** void ctrl_clear_para(uint32_t motor_mask)
 126:Module/motor/dm_ctrl.c **** {
 357              		.loc 1 126 1
 358              		.cfi_startproc
 359              		@ args = 0, pretend = 0, frame = 8
 360              		@ frame_needed = 1, uses_anonymous_args = 0
 361 0000 80B5     		push	{r7, lr}
 362              	.LCFI17:
 363              		.cfi_def_cfa_offset 8
 364              		.cfi_offset 7, -8
 365              		.cfi_offset 14, -4
 366 0002 82B0     		sub	sp, sp, #8
 367              	.LCFI18:
 368              		.cfi_def_cfa_offset 16
 369 0004 00AF     		add	r7, sp, #0
 370              	.LCFI19:
 371              		.cfi_def_cfa_register 7
 372 0006 7860     		str	r0, [r7, #4]
 127:Module/motor/dm_ctrl.c **** 	if (motor_mask & MOTOR1_BIT)
 373              		.loc 1 127 17
 374 0008 7B68     		ldr	r3, [r7, #4]
 375 000a 03F00103 		and	r3, r3, #1
 376              		.loc 1 127 5
 377 000e 002B     		cmp	r3, #0
 378 0010 02D0     		beq	.L23
 128:Module/motor/dm_ctrl.c **** 	{
 129:Module/motor/dm_ctrl.c **** 		dm4310_clear_para(&motor[Motor1]);
 379              		.loc 1 129 3
 380 0012 0748     		ldr	r0, .L26
 381 0014 FFF7FEFF 		bl	dm4310_clear_para
 382              	.L23:
 130:Module/motor/dm_ctrl.c **** 	}
 131:Module/motor/dm_ctrl.c **** 
 132:Module/motor/dm_ctrl.c **** 	if (motor_mask & MOTOR2_BIT)
 383              		.loc 1 132 17
 384 0018 7B68     		ldr	r3, [r7, #4]
 385 001a 03F00203 		and	r3, r3, #2
 386              		.loc 1 132 5
 387 001e 002B     		cmp	r3, #0
 388 0020 02D0     		beq	.L25
ARM GAS  C:\Users\30514\AppData\Local\Temp\ccfwGPXg.s 			page 10


 133:Module/motor/dm_ctrl.c **** 	{
 134:Module/motor/dm_ctrl.c **** 		dm4310_clear_para(&motor[Motor2]);
 389              		.loc 1 134 3
 390 0022 0448     		ldr	r0, .L26+4
 391 0024 FFF7FEFF 		bl	dm4310_clear_para
 392              	.L25:
 135:Module/motor/dm_ctrl.c **** 	}
 136:Module/motor/dm_ctrl.c **** }
 393              		.loc 1 136 1
 394 0028 00BF     		nop
 395 002a 0837     		adds	r7, r7, #8
 396              	.LCFI20:
 397              		.cfi_def_cfa_offset 8
 398 002c BD46     		mov	sp, r7
 399              	.LCFI21:
 400              		.cfi_def_cfa_register 13
 401              		@ sp needed
 402 002e 80BD     		pop	{r7, pc}
 403              	.L27:
 404              		.align	2
 405              	.L26:
 406 0030 00000000 		.word	motor
 407 0034 6C000000 		.word	motor+108
 408              		.cfi_endproc
 409              	.LFE138:
 411              		.section	.text.ctrl_clear_err,"ax",%progbits
 412              		.align	1
 413              		.global	ctrl_clear_err
 414              		.syntax unified
 415              		.thumb
 416              		.thumb_func
 418              	ctrl_clear_err:
 419              	.LFB139:
 137:Module/motor/dm_ctrl.c **** /**
 138:Module/motor/dm_ctrl.c **** ************************************************************************
 139:Module/motor/dm_ctrl.c **** * @brief:      	ctrl_clear_err: Ê∏ÖÈô§ÁîµÊú∫ÈîôËØØ‰ø°ÊÅØ
 140:Module/motor/dm_ctrl.c **** * @param:      	void
 141:Module/motor/dm_ctrl.c **** * @retval:     	void
 142:Module/motor/dm_ctrl.c **** * @details:    	Ê†πÊçÆÂΩìÂâçÁîµÊú∫IDÔºàmotor_idÔºâÔºåÊ∏ÖÈô§ÂØπÂ∫îÁîµÊú∫ÁöÑÂèÇÊï∞„ÄÇ
 143:Module/motor/dm_ctrl.c **** *               Ë∞ÉÁî®dm4310_clearÂáΩÊï∞Ê∏ÖÈô§ÊåáÂÆöÁîµÊú∫ÁöÑÂèÇÊï∞Ôºå‰ª•ÂìçÂ∫îÂ§ñÈÉ®ÂëΩ‰ª§„ÄÇ
 144:Module/motor/dm_ctrl.c **** ************************************************************************
 145:Module/motor/dm_ctrl.c **** **/
 146:Module/motor/dm_ctrl.c **** void ctrl_clear_err(uint32_t motor_mask)
 147:Module/motor/dm_ctrl.c **** {
 420              		.loc 1 147 1
 421              		.cfi_startproc
 422              		@ args = 0, pretend = 0, frame = 8
 423              		@ frame_needed = 1, uses_anonymous_args = 0
 424 0000 80B5     		push	{r7, lr}
 425              	.LCFI22:
 426              		.cfi_def_cfa_offset 8
 427              		.cfi_offset 7, -8
 428              		.cfi_offset 14, -4
 429 0002 82B0     		sub	sp, sp, #8
 430              	.LCFI23:
 431              		.cfi_def_cfa_offset 16
 432 0004 00AF     		add	r7, sp, #0
ARM GAS  C:\Users\30514\AppData\Local\Temp\ccfwGPXg.s 			page 11


 433              	.LCFI24:
 434              		.cfi_def_cfa_register 7
 435 0006 7860     		str	r0, [r7, #4]
 148:Module/motor/dm_ctrl.c **** 	if (motor_mask & MOTOR1_BIT)
 436              		.loc 1 148 17
 437 0008 7B68     		ldr	r3, [r7, #4]
 438 000a 03F00103 		and	r3, r3, #1
 439              		.loc 1 148 5
 440 000e 002B     		cmp	r3, #0
 441 0010 03D0     		beq	.L29
 149:Module/motor/dm_ctrl.c **** 	{
 150:Module/motor/dm_ctrl.c **** 		dm4310_clear_err(&hcan1, &motor[Motor1]);
 442              		.loc 1 150 3
 443 0012 0849     		ldr	r1, .L32
 444 0014 0848     		ldr	r0, .L32+4
 445 0016 FFF7FEFF 		bl	dm4310_clear_err
 446              	.L29:
 151:Module/motor/dm_ctrl.c **** 	}
 152:Module/motor/dm_ctrl.c **** 
 153:Module/motor/dm_ctrl.c **** 	if (motor_mask & MOTOR2_BIT)
 447              		.loc 1 153 17
 448 001a 7B68     		ldr	r3, [r7, #4]
 449 001c 03F00203 		and	r3, r3, #2
 450              		.loc 1 153 5
 451 0020 002B     		cmp	r3, #0
 452 0022 03D0     		beq	.L31
 154:Module/motor/dm_ctrl.c **** 	{
 155:Module/motor/dm_ctrl.c **** 		dm4310_clear_err(&hcan1, &motor[Motor2]);
 453              		.loc 1 155 3
 454 0024 0549     		ldr	r1, .L32+8
 455 0026 0448     		ldr	r0, .L32+4
 456 0028 FFF7FEFF 		bl	dm4310_clear_err
 457              	.L31:
 156:Module/motor/dm_ctrl.c **** 	}
 157:Module/motor/dm_ctrl.c **** }
 458              		.loc 1 157 1
 459 002c 00BF     		nop
 460 002e 0837     		adds	r7, r7, #8
 461              	.LCFI25:
 462              		.cfi_def_cfa_offset 8
 463 0030 BD46     		mov	sp, r7
 464              	.LCFI26:
 465              		.cfi_def_cfa_register 13
 466              		@ sp needed
 467 0032 80BD     		pop	{r7, pc}
 468              	.L33:
 469              		.align	2
 470              	.L32:
 471 0034 00000000 		.word	motor
 472 0038 00000000 		.word	hcan1
 473 003c 6C000000 		.word	motor+108
 474              		.cfi_endproc
 475              	.LFE139:
 477              		.section	.text.ctrl_send,"ax",%progbits
 478              		.align	1
 479              		.global	ctrl_send
 480              		.syntax unified
ARM GAS  C:\Users\30514\AppData\Local\Temp\ccfwGPXg.s 			page 12


 481              		.thumb
 482              		.thumb_func
 484              	ctrl_send:
 485              	.LFB140:
 158:Module/motor/dm_ctrl.c **** /**
 159:Module/motor/dm_ctrl.c **** ************************************************************************
 160:Module/motor/dm_ctrl.c **** * @brief:      	ctrl_send: ÂèëÈÄÅÁîµÊú∫ÊéßÂà∂ÂëΩ‰ª§ÂáΩÊï∞
 161:Module/motor/dm_ctrl.c **** * @param:      	void
 162:Module/motor/dm_ctrl.c **** * @retval:     	void
 163:Module/motor/dm_ctrl.c **** * @details:    	Ê†πÊçÆÂΩìÂâçÁîµÊú∫IDÔºàmotor_idÔºâÔºåÂêëÂØπÂ∫îÁîµÊú∫ÂèëÈÄÅÊéßÂà∂ÂëΩ‰ª§„ÄÇ
 164:Module/motor/dm_ctrl.c **** *               Ë∞ÉÁî®dm4310_ctrl_sendÂáΩÊï∞ÂêëÊåáÂÆöÁîµÊú∫ÂèëÈÄÅÊéßÂà∂ÂëΩ‰ª§Ôºå‰ª•ÂìçÂ∫îÂ§ñÈÉ®ÂëΩ‰
 165:Module/motor/dm_ctrl.c **** ************************************************************************
 166:Module/motor/dm_ctrl.c **** **/
 167:Module/motor/dm_ctrl.c **** void ctrl_send(uint32_t motor_mask)
 168:Module/motor/dm_ctrl.c **** {
 486              		.loc 1 168 1
 487              		.cfi_startproc
 488              		@ args = 0, pretend = 0, frame = 8
 489              		@ frame_needed = 1, uses_anonymous_args = 0
 490 0000 80B5     		push	{r7, lr}
 491              	.LCFI27:
 492              		.cfi_def_cfa_offset 8
 493              		.cfi_offset 7, -8
 494              		.cfi_offset 14, -4
 495 0002 82B0     		sub	sp, sp, #8
 496              	.LCFI28:
 497              		.cfi_def_cfa_offset 16
 498 0004 00AF     		add	r7, sp, #0
 499              	.LCFI29:
 500              		.cfi_def_cfa_register 7
 501 0006 7860     		str	r0, [r7, #4]
 169:Module/motor/dm_ctrl.c **** 	if (motor_mask & MOTOR1_BIT)
 502              		.loc 1 169 17
 503 0008 7B68     		ldr	r3, [r7, #4]
 504 000a 03F00103 		and	r3, r3, #1
 505              		.loc 1 169 5
 506 000e 002B     		cmp	r3, #0
 507 0010 03D0     		beq	.L35
 170:Module/motor/dm_ctrl.c **** 	{
 171:Module/motor/dm_ctrl.c **** 		dm4310_ctrl_send(&hcan1, &motor[Motor1]);
 508              		.loc 1 171 3
 509 0012 0849     		ldr	r1, .L38
 510 0014 0848     		ldr	r0, .L38+4
 511 0016 FFF7FEFF 		bl	dm4310_ctrl_send
 512              	.L35:
 172:Module/motor/dm_ctrl.c **** 	}
 173:Module/motor/dm_ctrl.c **** 
 174:Module/motor/dm_ctrl.c **** 	if (motor_mask & MOTOR2_BIT)
 513              		.loc 1 174 17
 514 001a 7B68     		ldr	r3, [r7, #4]
 515 001c 03F00203 		and	r3, r3, #2
 516              		.loc 1 174 5
 517 0020 002B     		cmp	r3, #0
 518 0022 03D0     		beq	.L37
 175:Module/motor/dm_ctrl.c **** 	{
 176:Module/motor/dm_ctrl.c **** 		dm4310_ctrl_send(&hcan1, &motor[Motor2]);
 519              		.loc 1 176 3
ARM GAS  C:\Users\30514\AppData\Local\Temp\ccfwGPXg.s 			page 13


 520 0024 0549     		ldr	r1, .L38+8
 521 0026 0448     		ldr	r0, .L38+4
 522 0028 FFF7FEFF 		bl	dm4310_ctrl_send
 523              	.L37:
 177:Module/motor/dm_ctrl.c **** 	}
 178:Module/motor/dm_ctrl.c **** }
 524              		.loc 1 178 1
 525 002c 00BF     		nop
 526 002e 0837     		adds	r7, r7, #8
 527              	.LCFI30:
 528              		.cfi_def_cfa_offset 8
 529 0030 BD46     		mov	sp, r7
 530              	.LCFI31:
 531              		.cfi_def_cfa_register 13
 532              		@ sp needed
 533 0032 80BD     		pop	{r7, pc}
 534              	.L39:
 535              		.align	2
 536              	.L38:
 537 0034 00000000 		.word	motor
 538 0038 00000000 		.word	hcan1
 539 003c 6C000000 		.word	motor+108
 540              		.cfi_endproc
 541              	.LFE140:
 543              		.section	.text.can1_rx_callback,"ax",%progbits
 544              		.align	1
 545              		.global	can1_rx_callback
 546              		.syntax unified
 547              		.thumb
 548              		.thumb_func
 550              	can1_rx_callback:
 551              	.LFB141:
 179:Module/motor/dm_ctrl.c **** /**
 180:Module/motor/dm_ctrl.c **** ************************************************************************
 181:Module/motor/dm_ctrl.c **** * @brief:      	can1_rx_callback: CAN1Êé•Êî∂ÂõûË∞ÉÂáΩÊï∞
 182:Module/motor/dm_ctrl.c **** * @param:      	void
 183:Module/motor/dm_ctrl.c **** * @retval:     	void
 184:Module/motor/dm_ctrl.c **** * @details:    	Â§ÑÁêÜCAN1Êé•Êî∂‰∏≠Êñ≠ÂõûË∞ÉÔºåÊ†πÊçÆÊé•Êî∂Âà∞ÁöÑIDÂíåÊï∞ÊçÆÔºåÊâßË°åÁõ∏Â∫îÁöÑÂ§ÑÁê
 185:Module/motor/dm_ctrl.c **** *               ÂΩìÊé•Êî∂Âà∞ID‰∏∫0Êó∂ÔºåË∞ÉÁî®dm4310_fbdataÂáΩÊï∞Êõ¥Êñ∞MotorÁöÑÂèçÈ¶àÊï∞ÊçÆ„ÄÇ
 186:Module/motor/dm_ctrl.c **** ************************************************************************
 187:Module/motor/dm_ctrl.c **** **/
 188:Module/motor/dm_ctrl.c **** void can1_rx_callback(void)
 189:Module/motor/dm_ctrl.c **** {
 552              		.loc 1 189 1
 553              		.cfi_startproc
 554              		@ args = 0, pretend = 0, frame = 16
 555              		@ frame_needed = 1, uses_anonymous_args = 0
 556 0000 80B5     		push	{r7, lr}
 557              	.LCFI32:
 558              		.cfi_def_cfa_offset 8
 559              		.cfi_offset 7, -8
 560              		.cfi_offset 14, -4
 561 0002 84B0     		sub	sp, sp, #16
 562              	.LCFI33:
 563              		.cfi_def_cfa_offset 24
 564 0004 00AF     		add	r7, sp, #0
 565              	.LCFI34:
ARM GAS  C:\Users\30514\AppData\Local\Temp\ccfwGPXg.s 			page 14


 566              		.cfi_def_cfa_register 7
 190:Module/motor/dm_ctrl.c **** 	uint16_t rec_id;
 191:Module/motor/dm_ctrl.c **** 	uint8_t rx_data[8] = {0};
 567              		.loc 1 191 10
 568 0006 3B1D     		adds	r3, r7, #4
 569 0008 0022     		movs	r2, #0
 570 000a 1A60     		str	r2, [r3]
 571 000c 5A60     		str	r2, [r3, #4]
 192:Module/motor/dm_ctrl.c **** 	canx_receive_data(&hcan1, &rec_id, rx_data);
 572              		.loc 1 192 2
 573 000e 3A1D     		adds	r2, r7, #4
 574 0010 07F10E03 		add	r3, r7, #14
 575 0014 1946     		mov	r1, r3
 576 0016 1B48     		ldr	r0, .L51
 577 0018 FFF7FEFF 		bl	canx_receive_data
 193:Module/motor/dm_ctrl.c **** 	switch (rec_id)
 578              		.loc 1 193 2
 579 001c FB89     		ldrh	r3, [r7, #14]
 580 001e 012B     		cmp	r3, #1
 581 0020 02D0     		beq	.L41
 582 0022 032B     		cmp	r3, #3
 583 0024 14D0     		beq	.L42
 194:Module/motor/dm_ctrl.c **** 	{
 195:Module/motor/dm_ctrl.c **** 	case 1:
 196:Module/motor/dm_ctrl.c **** 	{
 197:Module/motor/dm_ctrl.c **** 		switch ((rx_data[0]) & 0x0F)
 198:Module/motor/dm_ctrl.c **** 		{
 199:Module/motor/dm_ctrl.c **** 		case 1:
 200:Module/motor/dm_ctrl.c **** 			dm4310_fbdata(&motor[Motor1], rx_data);
 201:Module/motor/dm_ctrl.c **** 			break;
 202:Module/motor/dm_ctrl.c **** 		case 3:
 203:Module/motor/dm_ctrl.c **** 			dm4310_fbdata(&motor[Motor2], rx_data);
 204:Module/motor/dm_ctrl.c **** 			break;
 205:Module/motor/dm_ctrl.c **** 		}
 206:Module/motor/dm_ctrl.c **** 	}
 207:Module/motor/dm_ctrl.c **** 	case 3:
 208:Module/motor/dm_ctrl.c **** 	{
 209:Module/motor/dm_ctrl.c **** 		switch ((rx_data[0]) & 0x0F)
 210:Module/motor/dm_ctrl.c **** 		{
 211:Module/motor/dm_ctrl.c **** 		case 1:
 212:Module/motor/dm_ctrl.c **** 			dm4310_fbdata(&motor[Motor1], rx_data);
 213:Module/motor/dm_ctrl.c **** 			break;
 214:Module/motor/dm_ctrl.c **** 		case 3:
 215:Module/motor/dm_ctrl.c **** 			dm4310_fbdata(&motor[Motor2], rx_data);
 216:Module/motor/dm_ctrl.c **** 			break;
 217:Module/motor/dm_ctrl.c **** 		}
 218:Module/motor/dm_ctrl.c **** 	}
 219:Module/motor/dm_ctrl.c **** 	break;
 220:Module/motor/dm_ctrl.c **** 	}
 221:Module/motor/dm_ctrl.c **** }
 584              		.loc 1 221 1
 585 0026 28E0     		b	.L50
 586              	.L41:
 197:Module/motor/dm_ctrl.c **** 		{
 587              		.loc 1 197 19
 588 0028 3B79     		ldrb	r3, [r7, #4]	@ zero_extendqisi2
 197:Module/motor/dm_ctrl.c **** 		{
ARM GAS  C:\Users\30514\AppData\Local\Temp\ccfwGPXg.s 			page 15


 589              		.loc 1 197 24
 590 002a 03F00F03 		and	r3, r3, #15
 197:Module/motor/dm_ctrl.c **** 		{
 591              		.loc 1 197 3
 592 002e 012B     		cmp	r3, #1
 593 0030 02D0     		beq	.L44
 594 0032 032B     		cmp	r3, #3
 595 0034 06D0     		beq	.L45
 596 0036 0BE0     		b	.L42
 597              	.L44:
 200:Module/motor/dm_ctrl.c **** 			break;
 598              		.loc 1 200 4
 599 0038 3B1D     		adds	r3, r7, #4
 600 003a 1946     		mov	r1, r3
 601 003c 1248     		ldr	r0, .L51+4
 602 003e FFF7FEFF 		bl	dm4310_fbdata
 201:Module/motor/dm_ctrl.c **** 		case 3:
 603              		.loc 1 201 4
 604 0042 05E0     		b	.L42
 605              	.L45:
 203:Module/motor/dm_ctrl.c **** 			break;
 606              		.loc 1 203 4
 607 0044 3B1D     		adds	r3, r7, #4
 608 0046 1946     		mov	r1, r3
 609 0048 1048     		ldr	r0, .L51+8
 610 004a FFF7FEFF 		bl	dm4310_fbdata
 204:Module/motor/dm_ctrl.c **** 		}
 611              		.loc 1 204 4
 612 004e 00BF     		nop
 613              	.L42:
 209:Module/motor/dm_ctrl.c **** 		{
 614              		.loc 1 209 19
 615 0050 3B79     		ldrb	r3, [r7, #4]	@ zero_extendqisi2
 209:Module/motor/dm_ctrl.c **** 		{
 616              		.loc 1 209 24
 617 0052 03F00F03 		and	r3, r3, #15
 209:Module/motor/dm_ctrl.c **** 		{
 618              		.loc 1 209 3
 619 0056 012B     		cmp	r3, #1
 620 0058 02D0     		beq	.L46
 621 005a 032B     		cmp	r3, #3
 622 005c 06D0     		beq	.L47
 219:Module/motor/dm_ctrl.c **** 	}
 623              		.loc 1 219 2
 624 005e 0BE0     		b	.L49
 625              	.L46:
 212:Module/motor/dm_ctrl.c **** 			break;
 626              		.loc 1 212 4
 627 0060 3B1D     		adds	r3, r7, #4
 628 0062 1946     		mov	r1, r3
 629 0064 0848     		ldr	r0, .L51+4
 630 0066 FFF7FEFF 		bl	dm4310_fbdata
 213:Module/motor/dm_ctrl.c **** 		case 3:
 631              		.loc 1 213 4
 632 006a 05E0     		b	.L48
 633              	.L47:
 215:Module/motor/dm_ctrl.c **** 			break;
ARM GAS  C:\Users\30514\AppData\Local\Temp\ccfwGPXg.s 			page 16


 634              		.loc 1 215 4
 635 006c 3B1D     		adds	r3, r7, #4
 636 006e 1946     		mov	r1, r3
 637 0070 0648     		ldr	r0, .L51+8
 638 0072 FFF7FEFF 		bl	dm4310_fbdata
 216:Module/motor/dm_ctrl.c **** 		}
 639              		.loc 1 216 4
 640 0076 00BF     		nop
 641              	.L48:
 642              	.L49:
 219:Module/motor/dm_ctrl.c **** 	}
 643              		.loc 1 219 2
 644 0078 00BF     		nop
 645              	.L50:
 646              		.loc 1 221 1
 647 007a 00BF     		nop
 648 007c 1037     		adds	r7, r7, #16
 649              	.LCFI35:
 650              		.cfi_def_cfa_offset 8
 651 007e BD46     		mov	sp, r7
 652              	.LCFI36:
 653              		.cfi_def_cfa_register 13
 654              		@ sp needed
 655 0080 80BD     		pop	{r7, pc}
 656              	.L52:
 657 0082 00BF     		.align	2
 658              	.L51:
 659 0084 00000000 		.word	hcan1
 660 0088 00000000 		.word	motor
 661 008c 6C000000 		.word	motor+108
 662              		.cfi_endproc
 663              	.LFE141:
 665              		.text
 666              	.Letext0:
 667              		.file 2 "D:/enviroment/msys2/mingw64/arm-none-eabi/include/machine/_default_types.h"
 668              		.file 3 "D:/enviroment/msys2/mingw64/arm-none-eabi/include/sys/_stdint.h"
 669              		.file 4 "Drivers/CMSIS/Device/ST/STM32F4xx/Include/stm32f446xx.h"
 670              		.file 5 "Drivers/CMSIS/Device/ST/STM32F4xx/Include/stm32f4xx.h"
 671              		.file 6 "D:/enviroment/msys2/mingw64/lib/gcc/arm-none-eabi/13.3.0/include/stddef.h"
 672              		.file 7 "Drivers/STM32F4xx_HAL_Driver/Inc/stm32f4xx_hal_can.h"
 673              		.file 8 "Bsp/bsp_can.h"
 674              		.file 9 "Module/motor/dm_drv.h"
 675              		.file 10 "Module/motor/dm_ctrl.h"
 676              		.file 11 "Core/Inc/can.h"
 677              		.file 12 "Drivers/STM32F4xx_HAL_Driver/Inc/stm32f4xx_hal.h"
 678              		.file 13 "driver/can_driver.h"
 679              		.file 14 "D:/enviroment/msys2/mingw64/arm-none-eabi/include/string.h"
ARM GAS  C:\Users\30514\AppData\Local\Temp\ccfwGPXg.s 			page 17


DEFINED SYMBOLS
                            *ABS*:00000000 dm_ctrl.c
C:\Users\30514\AppData\Local\Temp\ccfwGPXg.s:25     .bss.motor:00000000 motor
C:\Users\30514\AppData\Local\Temp\ccfwGPXg.s:22     .bss.motor:00000000 $d
C:\Users\30514\AppData\Local\Temp\ccfwGPXg.s:28     .text.dm4310_motor_init:00000000 $t
C:\Users\30514\AppData\Local\Temp\ccfwGPXg.s:34     .text.dm4310_motor_init:00000000 dm4310_motor_init
C:\Users\30514\AppData\Local\Temp\ccfwGPXg.s:128    .text.dm4310_motor_init:000000a0 $d
C:\Users\30514\AppData\Local\Temp\ccfwGPXg.s:135    .text.ctrl_enable:00000000 $t
C:\Users\30514\AppData\Local\Temp\ccfwGPXg.s:141    .text.ctrl_enable:00000000 ctrl_enable
C:\Users\30514\AppData\Local\Temp\ccfwGPXg.s:205    .text.ctrl_enable:00000048 $d
C:\Users\30514\AppData\Local\Temp\ccfwGPXg.s:212    .text.ctrl_disable:00000000 $t
C:\Users\30514\AppData\Local\Temp\ccfwGPXg.s:218    .text.ctrl_disable:00000000 ctrl_disable
C:\Users\30514\AppData\Local\Temp\ccfwGPXg.s:279    .text.ctrl_disable:00000044 $d
C:\Users\30514\AppData\Local\Temp\ccfwGPXg.s:286    .text.ctrl_set:00000000 $t
C:\Users\30514\AppData\Local\Temp\ccfwGPXg.s:292    .text.ctrl_set:00000000 ctrl_set
C:\Users\30514\AppData\Local\Temp\ccfwGPXg.s:343    .text.ctrl_set:00000030 $d
C:\Users\30514\AppData\Local\Temp\ccfwGPXg.s:349    .text.ctrl_clear_para:00000000 $t
C:\Users\30514\AppData\Local\Temp\ccfwGPXg.s:355    .text.ctrl_clear_para:00000000 ctrl_clear_para
C:\Users\30514\AppData\Local\Temp\ccfwGPXg.s:406    .text.ctrl_clear_para:00000030 $d
C:\Users\30514\AppData\Local\Temp\ccfwGPXg.s:412    .text.ctrl_clear_err:00000000 $t
C:\Users\30514\AppData\Local\Temp\ccfwGPXg.s:418    .text.ctrl_clear_err:00000000 ctrl_clear_err
C:\Users\30514\AppData\Local\Temp\ccfwGPXg.s:471    .text.ctrl_clear_err:00000034 $d
C:\Users\30514\AppData\Local\Temp\ccfwGPXg.s:478    .text.ctrl_send:00000000 $t
C:\Users\30514\AppData\Local\Temp\ccfwGPXg.s:484    .text.ctrl_send:00000000 ctrl_send
C:\Users\30514\AppData\Local\Temp\ccfwGPXg.s:537    .text.ctrl_send:00000034 $d
C:\Users\30514\AppData\Local\Temp\ccfwGPXg.s:544    .text.can1_rx_callback:00000000 $t
C:\Users\30514\AppData\Local\Temp\ccfwGPXg.s:550    .text.can1_rx_callback:00000000 can1_rx_callback
C:\Users\30514\AppData\Local\Temp\ccfwGPXg.s:659    .text.can1_rx_callback:00000084 $d
                           .group:00000000 wm4.0.3e68c699c40fadf7e6c1e499de837233
                           .group:00000000 wm4.stm32f4xx_hal_conf.h.25.a9a6e27d8b41172b5af7d7631d763ee0
                           .group:00000000 wm4.stm32f4xx.h.38.63e3ea23bd63a94457417730025259b6
                           .group:00000000 wm4.stm32f446xx.h.34.dd43cebd7192f96bce7a5ff975201274
                           .group:00000000 wm4._newlib_version.h.4.0eb654b64686e2bd29646258853f6c22
                           .group:00000000 wm4.features.h.33.d554620bb17bd3b714c3fb5c268772bc
                           .group:00000000 wm4._default_types.h.15.247e5cd201eca3442cbf5404108c4935
                           .group:00000000 wm4._intsup.h.10.48bafbb683905c4daa4565a85aeeb264
                           .group:00000000 wm4._stdint.h.10.c24fa3af3bc1706662bb5593a907e841
                           .group:00000000 wm4.stdint.h.23.d53047a68f4a85177f80b422d52785ed
                           .group:00000000 wm4.cmsis_version.h.32.0ac195c83bb4537824e6ad1c47474b79
                           .group:00000000 wm4.core_cm4.h.66.e4ff136c4a17abc46741866f64f8e729
                           .group:00000000 wm4.cmsis_gcc.h.26.498d0ad17a45fc9ef20fdc01caf02259
                           .group:00000000 wm4.core_cm4.h.174.62be9b4588d49bed18171771001331df
                           .group:00000000 wm4.mpu_armv7.h.32.83326921a797fa9d6f70449916b4b839
                           .group:00000000 wm4.stm32f446xx.h.917.13927c85cbbf4787955bc4173c54fa12
                           .group:00000000 wm4.stm32f4xx.h.195.a4b8bf80f37cc96981498656ffe5f588
                           .group:00000000 wm4.stm32_hal_legacy.h.22.8b7d303dc46a0b7ac6d3edf19ce2608d
                           .group:00000000 wm4.stddef.h.39.0dc9006b34572d4d9cae4c8b422c4971
                           .group:00000000 wm4.stm32f4xx_hal_def.h.58.3cb484e92e5ccf2e55312a4714e27917
                           .group:00000000 wm4.stm32f4xx_hal_rcc_ex.h.20.9b6e314009d4800dd71c0ec1c264a1ea
                           .group:00000000 wm4.stm32f4xx_hal_rcc.h.106.0887cf5d985ae88e345b0aed0ceb4729
                           .group:00000000 wm4.stm32f4xx_hal_gpio.h.21.22da6a14b6049d6ac156577be74df1d7
                           .group:00000000 wm4.stm32f4xx_hal_gpio_ex.h.21.33ea7ea24fd170b1d3dce3d23330c9d3
                           .group:00000000 wm4.stm32f4xx_hal_gpio.h.254.d7e07832f748fe8bcb575db0b8373592
                           .group:00000000 wm4.stm32f4xx_hal_exti.h.21.4fc7f37c3cc97fb821b368ede79414b6
                           .group:00000000 wm4.stm32f4xx_hal_dma.h.21.8e4b1421c914345c23be719e5e528779
                           .group:00000000 wm4.stm32f4xx_hal_dma.h.720.ac2d7eef74792e4026acc4d2923c5da4
                           .group:00000000 wm4.stm32f4xx_hal_cortex.h.20.03673e4f79386680bf73ba399c19306b
ARM GAS  C:\Users\30514\AppData\Local\Temp\ccfwGPXg.s 			page 18


                           .group:00000000 wm4.stm32f4xx_hal_can.h.21.4b16c8dedf31ba328482231f811a7e65
                           .group:00000000 wm4.stm32f4xx_hal_flash.h.20.2f1e0d1b7010b3a81a7980aaf712e7e5
                           .group:00000000 wm4.stm32f4xx_hal_flash_ex.h.20.77cb3e5c0f1e426426a4cbc884a1eed8
                           .group:00000000 wm4.stm32f4xx_hal_flash.h.361.23bc19b9eac79b0956d913651841ede8
                           .group:00000000 wm4.stm32f4xx_hal_pwr.h.20.1905a0783a9c83adefd7df0c4b501e40
                           .group:00000000 wm4.stm32f4xx_hal_pwr_ex.h.20.9786dbd699c850465fa7b77273740267
                           .group:00000000 wm4.stm32f4xx_hal_pwr.h.338.debc0a4a62ba54688e63ab53dd99c4ea
                           .group:00000000 wm4.stm32f4xx_hal_uart.h.21.ba8e24dd05c77faac3f3d48472e636ba
                           .group:00000000 wm4.stm32f4xx_hal.h.71.02372bc31d47d29d3f67fbfe1429649e
                           .group:00000000 wm4.dm_drv.h.7.4abb37ead5777bb8720ed305654a152b
                           .group:00000000 wm4.dm_ctrl.h.2.e80046cb48a989cf29d86486c526d9fc
                           .group:00000000 wm4.can_driver.h.2.d166c7992e41a8bdfe916f047d201f37
                           .group:00000000 wm4.newlib.h.7.a37ffbe9e5aff74303f4e60b1cc1c01b
                           .group:00000000 wm4.ieeefp.h.77.61a77db5804869b1dadd307a77cf78c9
                           .group:00000000 wm4.config.h.224.10ee1ad185d877c6e334e6581faab44d
                           .group:00000000 wm4._ansi.h.31.de524f58584151836e90d8620a16f8e8
                           .group:00000000 wm4.cdefs.h.49.70fc7af612f78ddcace70fdd90b5623b
                           .group:00000000 wm4._types.h.20.dd0d04dca3800a0d2a6129b87f3adbb2
                           .group:00000000 wm4.stddef.h.158.6f8e08a347b1cff664332fa350bfceb3
                           .group:00000000 wm4._types.h.127.3bdfe3ff8ea2d0985b03d9cbe93480e3
                           .group:00000000 wm4.reent.h.18.25503cdc8b7e55dd0d6ea7b3e5af7a03
                           .group:00000000 wm4.lock.h.2.1461d1fff82dffe8bfddc23307f6484f
                           .group:00000000 wm4.reent.h.78.6b87466b04591b1f1cb88c14fdf2ba9e
                           .group:00000000 wm4.string.h.15.dab3980bf35408a4c507182805e2de3a
                           .group:00000000 wm4.stddef.h.158.eec8bf00b5213f43d095cb984c5f22e3

UNDEFINED SYMBOLS
memset
dm4310_enable
HAL_Delay
hcan1
dm4310_disable
dm4310_set
dm4310_clear_para
dm4310_clear_err
dm4310_ctrl_send
canx_receive_data
dm4310_fbdata
