ARM GAS  C:\Users\30514\AppData\Local\Temp\ccB9F1lo.s 			page 1


   1              		.cpu cortex-m4
   2              		.arch armv7e-m
   3              		.fpu fpv4-sp-d16
   4              		.eabi_attribute 27, 1
   5              		.eabi_attribute 28, 1
   6              		.eabi_attribute 20, 1
   7              		.eabi_attribute 21, 1
   8              		.eabi_attribute 23, 3
   9              		.eabi_attribute 24, 1
  10              		.eabi_attribute 25, 1
  11              		.eabi_attribute 26, 1
  12              		.eabi_attribute 30, 6
  13              		.eabi_attribute 34, 1
  14              		.eabi_attribute 18, 4
  15              		.file	"usart.c"
  16              		.text
  17              	.Ltext0:
  18              		.cfi_sections	.debug_frame
  19              		.file 1 "Core/Src/usart.c"
  20              		.global	huart3
  21              		.section	.bss.huart3,"aw",%nobits
  22              		.align	2
  25              	huart3:
  26 0000 00000000 		.space	72
  26      00000000 
  26      00000000 
  26      00000000 
  26      00000000 
  27              		.global	hdma_usart3_rx
  28              		.section	.bss.hdma_usart3_rx,"aw",%nobits
  29              		.align	2
  32              	hdma_usart3_rx:
  33 0000 00000000 		.space	96
  33      00000000 
  33      00000000 
  33      00000000 
  33      00000000 
  34              		.section	.text.MX_USART3_UART_Init,"ax",%progbits
  35              		.align	1
  36              		.global	MX_USART3_UART_Init
  37              		.syntax unified
  38              		.thumb
  39              		.thumb_func
  41              	MX_USART3_UART_Init:
  42              	.LFB134:
   1:Core/Src/usart.c **** /* USER CODE BEGIN Header */
   2:Core/Src/usart.c **** /**
   3:Core/Src/usart.c ****   ******************************************************************************
   4:Core/Src/usart.c ****   * @file    usart.c
   5:Core/Src/usart.c ****   * @brief   This file provides code for the configuration
   6:Core/Src/usart.c ****   *          of the USART instances.
   7:Core/Src/usart.c ****   ******************************************************************************
   8:Core/Src/usart.c ****   * @attention
   9:Core/Src/usart.c ****   *
  10:Core/Src/usart.c ****   * Copyright (c) 2025 STMicroelectronics.
  11:Core/Src/usart.c ****   * All rights reserved.
  12:Core/Src/usart.c ****   *
ARM GAS  C:\Users\30514\AppData\Local\Temp\ccB9F1lo.s 			page 2


  13:Core/Src/usart.c ****   * This software is licensed under terms that can be found in the LICENSE file
  14:Core/Src/usart.c ****   * in the root directory of this software component.
  15:Core/Src/usart.c ****   * If no LICENSE file comes with this software, it is provided AS-IS.
  16:Core/Src/usart.c ****   *
  17:Core/Src/usart.c ****   ******************************************************************************
  18:Core/Src/usart.c ****   */
  19:Core/Src/usart.c **** /* USER CODE END Header */
  20:Core/Src/usart.c **** /* Includes ------------------------------------------------------------------*/
  21:Core/Src/usart.c **** #include "usart.h"
  22:Core/Src/usart.c **** 
  23:Core/Src/usart.c **** /* USER CODE BEGIN 0 */
  24:Core/Src/usart.c **** 
  25:Core/Src/usart.c **** /* USER CODE END 0 */
  26:Core/Src/usart.c **** 
  27:Core/Src/usart.c **** UART_HandleTypeDef huart3;
  28:Core/Src/usart.c **** DMA_HandleTypeDef hdma_usart3_rx;
  29:Core/Src/usart.c **** 
  30:Core/Src/usart.c **** /* USART3 init function */
  31:Core/Src/usart.c **** 
  32:Core/Src/usart.c **** void MX_USART3_UART_Init(void)
  33:Core/Src/usart.c **** {
  43              		.loc 1 33 1
  44              		.cfi_startproc
  45              		@ args = 0, pretend = 0, frame = 0
  46              		@ frame_needed = 1, uses_anonymous_args = 0
  47 0000 80B5     		push	{r7, lr}
  48              	.LCFI0:
  49              		.cfi_def_cfa_offset 8
  50              		.cfi_offset 7, -8
  51              		.cfi_offset 14, -4
  52 0002 00AF     		add	r7, sp, #0
  53              	.LCFI1:
  54              		.cfi_def_cfa_register 7
  34:Core/Src/usart.c **** 
  35:Core/Src/usart.c ****   /* USER CODE BEGIN USART3_Init 0 */
  36:Core/Src/usart.c **** 
  37:Core/Src/usart.c ****   /* USER CODE END USART3_Init 0 */
  38:Core/Src/usart.c **** 
  39:Core/Src/usart.c ****   /* USER CODE BEGIN USART3_Init 1 */
  40:Core/Src/usart.c **** 
  41:Core/Src/usart.c ****   /* USER CODE END USART3_Init 1 */
  42:Core/Src/usart.c ****   huart3.Instance = USART3;
  55              		.loc 1 42 19
  56 0004 114B     		ldr	r3, .L4
  57 0006 124A     		ldr	r2, .L4+4
  58 0008 1A60     		str	r2, [r3]
  43:Core/Src/usart.c ****   huart3.Init.BaudRate = 100000;
  59              		.loc 1 43 24
  60 000a 104B     		ldr	r3, .L4
  61 000c 114A     		ldr	r2, .L4+8
  62 000e 5A60     		str	r2, [r3, #4]
  44:Core/Src/usart.c ****   huart3.Init.WordLength = UART_WORDLENGTH_8B;
  63              		.loc 1 44 26
  64 0010 0E4B     		ldr	r3, .L4
  65 0012 0022     		movs	r2, #0
  66 0014 9A60     		str	r2, [r3, #8]
  45:Core/Src/usart.c ****   huart3.Init.StopBits = UART_STOPBITS_1;
ARM GAS  C:\Users\30514\AppData\Local\Temp\ccB9F1lo.s 			page 3


  67              		.loc 1 45 24
  68 0016 0D4B     		ldr	r3, .L4
  69 0018 0022     		movs	r2, #0
  70 001a DA60     		str	r2, [r3, #12]
  46:Core/Src/usart.c ****   huart3.Init.Parity = UART_PARITY_EVEN;
  71              		.loc 1 46 22
  72 001c 0B4B     		ldr	r3, .L4
  73 001e 4FF48062 		mov	r2, #1024
  74 0022 1A61     		str	r2, [r3, #16]
  47:Core/Src/usart.c ****   huart3.Init.Mode = UART_MODE_RX;
  75              		.loc 1 47 20
  76 0024 094B     		ldr	r3, .L4
  77 0026 0422     		movs	r2, #4
  78 0028 5A61     		str	r2, [r3, #20]
  48:Core/Src/usart.c ****   huart3.Init.HwFlowCtl = UART_HWCONTROL_NONE;
  79              		.loc 1 48 25
  80 002a 084B     		ldr	r3, .L4
  81 002c 0022     		movs	r2, #0
  82 002e 9A61     		str	r2, [r3, #24]
  49:Core/Src/usart.c ****   huart3.Init.OverSampling = UART_OVERSAMPLING_16;
  83              		.loc 1 49 28
  84 0030 064B     		ldr	r3, .L4
  85 0032 0022     		movs	r2, #0
  86 0034 DA61     		str	r2, [r3, #28]
  50:Core/Src/usart.c ****   if (HAL_UART_Init(&huart3) != HAL_OK)
  87              		.loc 1 50 7
  88 0036 0548     		ldr	r0, .L4
  89 0038 FFF7FEFF 		bl	HAL_UART_Init
  90 003c 0346     		mov	r3, r0
  91              		.loc 1 50 6 discriminator 1
  92 003e 002B     		cmp	r3, #0
  93 0040 01D0     		beq	.L3
  51:Core/Src/usart.c ****   {
  52:Core/Src/usart.c ****     Error_Handler();
  94              		.loc 1 52 5
  95 0042 FFF7FEFF 		bl	Error_Handler
  96              	.L3:
  53:Core/Src/usart.c ****   }
  54:Core/Src/usart.c ****   /* USER CODE BEGIN USART3_Init 2 */
  55:Core/Src/usart.c **** 
  56:Core/Src/usart.c ****   /* USER CODE END USART3_Init 2 */
  57:Core/Src/usart.c **** 
  58:Core/Src/usart.c **** }
  97              		.loc 1 58 1
  98 0046 00BF     		nop
  99 0048 80BD     		pop	{r7, pc}
 100              	.L5:
 101 004a 00BF     		.align	2
 102              	.L4:
 103 004c 00000000 		.word	huart3
 104 0050 00480040 		.word	1073760256
 105 0054 A0860100 		.word	100000
 106              		.cfi_endproc
 107              	.LFE134:
 109              		.section	.text.HAL_UART_MspInit,"ax",%progbits
 110              		.align	1
 111              		.global	HAL_UART_MspInit
ARM GAS  C:\Users\30514\AppData\Local\Temp\ccB9F1lo.s 			page 4


 112              		.syntax unified
 113              		.thumb
 114              		.thumb_func
 116              	HAL_UART_MspInit:
 117              	.LFB135:
  59:Core/Src/usart.c **** 
  60:Core/Src/usart.c **** void HAL_UART_MspInit(UART_HandleTypeDef* uartHandle)
  61:Core/Src/usart.c **** {
 118              		.loc 1 61 1
 119              		.cfi_startproc
 120              		@ args = 0, pretend = 0, frame = 40
 121              		@ frame_needed = 1, uses_anonymous_args = 0
 122 0000 80B5     		push	{r7, lr}
 123              	.LCFI2:
 124              		.cfi_def_cfa_offset 8
 125              		.cfi_offset 7, -8
 126              		.cfi_offset 14, -4
 127 0002 8AB0     		sub	sp, sp, #40
 128              	.LCFI3:
 129              		.cfi_def_cfa_offset 48
 130 0004 00AF     		add	r7, sp, #0
 131              	.LCFI4:
 132              		.cfi_def_cfa_register 7
 133 0006 7860     		str	r0, [r7, #4]
  62:Core/Src/usart.c **** 
  63:Core/Src/usart.c ****   GPIO_InitTypeDef GPIO_InitStruct = {0};
 134              		.loc 1 63 20
 135 0008 07F11403 		add	r3, r7, #20
 136 000c 0022     		movs	r2, #0
 137 000e 1A60     		str	r2, [r3]
 138 0010 5A60     		str	r2, [r3, #4]
 139 0012 9A60     		str	r2, [r3, #8]
 140 0014 DA60     		str	r2, [r3, #12]
 141 0016 1A61     		str	r2, [r3, #16]
  64:Core/Src/usart.c ****   if(uartHandle->Instance==USART3)
 142              		.loc 1 64 16
 143 0018 7B68     		ldr	r3, [r7, #4]
 144 001a 1B68     		ldr	r3, [r3]
 145              		.loc 1 64 5
 146 001c 454A     		ldr	r2, .L10
 147 001e 9342     		cmp	r3, r2
 148 0020 40F08380 		bne	.L9
 149              	.LBB2:
  65:Core/Src/usart.c ****   {
  66:Core/Src/usart.c ****   /* USER CODE BEGIN USART3_MspInit 0 */
  67:Core/Src/usart.c **** 
  68:Core/Src/usart.c ****   /* USER CODE END USART3_MspInit 0 */
  69:Core/Src/usart.c ****     /* USART3 clock enable */
  70:Core/Src/usart.c ****     __HAL_RCC_USART3_CLK_ENABLE();
 150              		.loc 1 70 5
 151 0024 0023     		movs	r3, #0
 152 0026 3B61     		str	r3, [r7, #16]
 153 0028 434B     		ldr	r3, .L10+4
 154 002a 1B6C     		ldr	r3, [r3, #64]
 155 002c 424A     		ldr	r2, .L10+4
 156 002e 43F48023 		orr	r3, r3, #262144
 157 0032 1364     		str	r3, [r2, #64]
ARM GAS  C:\Users\30514\AppData\Local\Temp\ccB9F1lo.s 			page 5


 158 0034 404B     		ldr	r3, .L10+4
 159 0036 1B6C     		ldr	r3, [r3, #64]
 160 0038 03F48023 		and	r3, r3, #262144
 161 003c 3B61     		str	r3, [r7, #16]
 162 003e 3B69     		ldr	r3, [r7, #16]
 163              	.LBE2:
 164              	.LBB3:
  71:Core/Src/usart.c **** 
  72:Core/Src/usart.c ****     __HAL_RCC_GPIOC_CLK_ENABLE();
 165              		.loc 1 72 5
 166 0040 0023     		movs	r3, #0
 167 0042 FB60     		str	r3, [r7, #12]
 168 0044 3C4B     		ldr	r3, .L10+4
 169 0046 1B6B     		ldr	r3, [r3, #48]
 170 0048 3B4A     		ldr	r2, .L10+4
 171 004a 43F00403 		orr	r3, r3, #4
 172 004e 1363     		str	r3, [r2, #48]
 173 0050 394B     		ldr	r3, .L10+4
 174 0052 1B6B     		ldr	r3, [r3, #48]
 175 0054 03F00403 		and	r3, r3, #4
 176 0058 FB60     		str	r3, [r7, #12]
 177 005a FB68     		ldr	r3, [r7, #12]
 178              	.LBE3:
 179              	.LBB4:
  73:Core/Src/usart.c ****     __HAL_RCC_GPIOB_CLK_ENABLE();
 180              		.loc 1 73 5
 181 005c 0023     		movs	r3, #0
 182 005e BB60     		str	r3, [r7, #8]
 183 0060 354B     		ldr	r3, .L10+4
 184 0062 1B6B     		ldr	r3, [r3, #48]
 185 0064 344A     		ldr	r2, .L10+4
 186 0066 43F00203 		orr	r3, r3, #2
 187 006a 1363     		str	r3, [r2, #48]
 188 006c 324B     		ldr	r3, .L10+4
 189 006e 1B6B     		ldr	r3, [r3, #48]
 190 0070 03F00203 		and	r3, r3, #2
 191 0074 BB60     		str	r3, [r7, #8]
 192 0076 BB68     		ldr	r3, [r7, #8]
 193              	.LBE4:
  74:Core/Src/usart.c ****     /**USART3 GPIO Configuration
  75:Core/Src/usart.c ****     PC5     ------> USART3_RX
  76:Core/Src/usart.c ****     PB10     ------> USART3_TX
  77:Core/Src/usart.c ****     */
  78:Core/Src/usart.c ****     GPIO_InitStruct.Pin = GPIO_PIN_5;
 194              		.loc 1 78 25
 195 0078 2023     		movs	r3, #32
 196 007a 7B61     		str	r3, [r7, #20]
  79:Core/Src/usart.c ****     GPIO_InitStruct.Mode = GPIO_MODE_AF_PP;
 197              		.loc 1 79 26
 198 007c 0223     		movs	r3, #2
 199 007e BB61     		str	r3, [r7, #24]
  80:Core/Src/usart.c ****     GPIO_InitStruct.Pull = GPIO_PULLUP;
 200              		.loc 1 80 26
 201 0080 0123     		movs	r3, #1
 202 0082 FB61     		str	r3, [r7, #28]
  81:Core/Src/usart.c ****     GPIO_InitStruct.Speed = GPIO_SPEED_FREQ_VERY_HIGH;
 203              		.loc 1 81 27
ARM GAS  C:\Users\30514\AppData\Local\Temp\ccB9F1lo.s 			page 6


 204 0084 0323     		movs	r3, #3
 205 0086 3B62     		str	r3, [r7, #32]
  82:Core/Src/usart.c ****     GPIO_InitStruct.Alternate = GPIO_AF7_USART3;
 206              		.loc 1 82 31
 207 0088 0723     		movs	r3, #7
 208 008a 7B62     		str	r3, [r7, #36]
  83:Core/Src/usart.c ****     HAL_GPIO_Init(GPIOC, &GPIO_InitStruct);
 209              		.loc 1 83 5
 210 008c 07F11403 		add	r3, r7, #20
 211 0090 1946     		mov	r1, r3
 212 0092 2A48     		ldr	r0, .L10+8
 213 0094 FFF7FEFF 		bl	HAL_GPIO_Init
  84:Core/Src/usart.c **** 
  85:Core/Src/usart.c ****     GPIO_InitStruct.Pin = GPIO_PIN_10;
 214              		.loc 1 85 25
 215 0098 4FF48063 		mov	r3, #1024
 216 009c 7B61     		str	r3, [r7, #20]
  86:Core/Src/usart.c ****     GPIO_InitStruct.Mode = GPIO_MODE_AF_PP;
 217              		.loc 1 86 26
 218 009e 0223     		movs	r3, #2
 219 00a0 BB61     		str	r3, [r7, #24]
  87:Core/Src/usart.c ****     GPIO_InitStruct.Pull = GPIO_PULLUP;
 220              		.loc 1 87 26
 221 00a2 0123     		movs	r3, #1
 222 00a4 FB61     		str	r3, [r7, #28]
  88:Core/Src/usart.c ****     GPIO_InitStruct.Speed = GPIO_SPEED_FREQ_VERY_HIGH;
 223              		.loc 1 88 27
 224 00a6 0323     		movs	r3, #3
 225 00a8 3B62     		str	r3, [r7, #32]
  89:Core/Src/usart.c ****     GPIO_InitStruct.Alternate = GPIO_AF7_USART3;
 226              		.loc 1 89 31
 227 00aa 0723     		movs	r3, #7
 228 00ac 7B62     		str	r3, [r7, #36]
  90:Core/Src/usart.c ****     HAL_GPIO_Init(GPIOB, &GPIO_InitStruct);
 229              		.loc 1 90 5
 230 00ae 07F11403 		add	r3, r7, #20
 231 00b2 1946     		mov	r1, r3
 232 00b4 2248     		ldr	r0, .L10+12
 233 00b6 FFF7FEFF 		bl	HAL_GPIO_Init
  91:Core/Src/usart.c **** 
  92:Core/Src/usart.c ****     /* USART3 DMA Init */
  93:Core/Src/usart.c ****     /* USART3_RX Init */
  94:Core/Src/usart.c ****     hdma_usart3_rx.Instance = DMA1_Stream1;
 234              		.loc 1 94 29
 235 00ba 224B     		ldr	r3, .L10+16
 236 00bc 224A     		ldr	r2, .L10+20
 237 00be 1A60     		str	r2, [r3]
  95:Core/Src/usart.c ****     hdma_usart3_rx.Init.Channel = DMA_CHANNEL_4;
 238              		.loc 1 95 33
 239 00c0 204B     		ldr	r3, .L10+16
 240 00c2 4FF00062 		mov	r2, #134217728
 241 00c6 5A60     		str	r2, [r3, #4]
  96:Core/Src/usart.c ****     hdma_usart3_rx.Init.Direction = DMA_PERIPH_TO_MEMORY;
 242              		.loc 1 96 35
 243 00c8 1E4B     		ldr	r3, .L10+16
 244 00ca 0022     		movs	r2, #0
 245 00cc 9A60     		str	r2, [r3, #8]
ARM GAS  C:\Users\30514\AppData\Local\Temp\ccB9F1lo.s 			page 7


  97:Core/Src/usart.c ****     hdma_usart3_rx.Init.PeriphInc = DMA_PINC_DISABLE;
 246              		.loc 1 97 35
 247 00ce 1D4B     		ldr	r3, .L10+16
 248 00d0 0022     		movs	r2, #0
 249 00d2 DA60     		str	r2, [r3, #12]
  98:Core/Src/usart.c ****     hdma_usart3_rx.Init.MemInc = DMA_MINC_ENABLE;
 250              		.loc 1 98 32
 251 00d4 1B4B     		ldr	r3, .L10+16
 252 00d6 4FF48062 		mov	r2, #1024
 253 00da 1A61     		str	r2, [r3, #16]
  99:Core/Src/usart.c ****     hdma_usart3_rx.Init.PeriphDataAlignment = DMA_PDATAALIGN_BYTE;
 254              		.loc 1 99 45
 255 00dc 194B     		ldr	r3, .L10+16
 256 00de 0022     		movs	r2, #0
 257 00e0 5A61     		str	r2, [r3, #20]
 100:Core/Src/usart.c ****     hdma_usart3_rx.Init.MemDataAlignment = DMA_MDATAALIGN_BYTE;
 258              		.loc 1 100 42
 259 00e2 184B     		ldr	r3, .L10+16
 260 00e4 0022     		movs	r2, #0
 261 00e6 9A61     		str	r2, [r3, #24]
 101:Core/Src/usart.c ****     hdma_usart3_rx.Init.Mode = DMA_CIRCULAR;
 262              		.loc 1 101 30
 263 00e8 164B     		ldr	r3, .L10+16
 264 00ea 4FF48072 		mov	r2, #256
 265 00ee DA61     		str	r2, [r3, #28]
 102:Core/Src/usart.c ****     hdma_usart3_rx.Init.Priority = DMA_PRIORITY_VERY_HIGH;
 266              		.loc 1 102 34
 267 00f0 144B     		ldr	r3, .L10+16
 268 00f2 4FF44032 		mov	r2, #196608
 269 00f6 1A62     		str	r2, [r3, #32]
 103:Core/Src/usart.c ****     hdma_usart3_rx.Init.FIFOMode = DMA_FIFOMODE_DISABLE;
 270              		.loc 1 103 34
 271 00f8 124B     		ldr	r3, .L10+16
 272 00fa 0022     		movs	r2, #0
 273 00fc 5A62     		str	r2, [r3, #36]
 104:Core/Src/usart.c ****     if (HAL_DMA_Init(&hdma_usart3_rx) != HAL_OK)
 274              		.loc 1 104 9
 275 00fe 1148     		ldr	r0, .L10+16
 276 0100 FFF7FEFF 		bl	HAL_DMA_Init
 277 0104 0346     		mov	r3, r0
 278              		.loc 1 104 8 discriminator 1
 279 0106 002B     		cmp	r3, #0
 280 0108 01D0     		beq	.L8
 105:Core/Src/usart.c ****     {
 106:Core/Src/usart.c ****       Error_Handler();
 281              		.loc 1 106 7
 282 010a FFF7FEFF 		bl	Error_Handler
 283              	.L8:
 107:Core/Src/usart.c ****     }
 108:Core/Src/usart.c **** 
 109:Core/Src/usart.c ****     __HAL_LINKDMA(uartHandle,hdmarx,hdma_usart3_rx);
 284              		.loc 1 109 5
 285 010e 7B68     		ldr	r3, [r7, #4]
 286 0110 0C4A     		ldr	r2, .L10+16
 287 0112 DA63     		str	r2, [r3, #60]
 288 0114 0B4A     		ldr	r2, .L10+16
 289 0116 7B68     		ldr	r3, [r7, #4]
ARM GAS  C:\Users\30514\AppData\Local\Temp\ccB9F1lo.s 			page 8


 290 0118 9363     		str	r3, [r2, #56]
 110:Core/Src/usart.c **** 
 111:Core/Src/usart.c ****     /* USART3 interrupt Init */
 112:Core/Src/usart.c ****     HAL_NVIC_SetPriority(USART3_IRQn, 0, 0);
 291              		.loc 1 112 5
 292 011a 0022     		movs	r2, #0
 293 011c 0021     		movs	r1, #0
 294 011e 2720     		movs	r0, #39
 295 0120 FFF7FEFF 		bl	HAL_NVIC_SetPriority
 113:Core/Src/usart.c ****     HAL_NVIC_EnableIRQ(USART3_IRQn);
 296              		.loc 1 113 5
 297 0124 2720     		movs	r0, #39
 298 0126 FFF7FEFF 		bl	HAL_NVIC_EnableIRQ
 299              	.L9:
 114:Core/Src/usart.c ****   /* USER CODE BEGIN USART3_MspInit 1 */
 115:Core/Src/usart.c **** 
 116:Core/Src/usart.c ****   /* USER CODE END USART3_MspInit 1 */
 117:Core/Src/usart.c ****   }
 118:Core/Src/usart.c **** }
 300              		.loc 1 118 1
 301 012a 00BF     		nop
 302 012c 2837     		adds	r7, r7, #40
 303              	.LCFI5:
 304              		.cfi_def_cfa_offset 8
 305 012e BD46     		mov	sp, r7
 306              	.LCFI6:
 307              		.cfi_def_cfa_register 13
 308              		@ sp needed
 309 0130 80BD     		pop	{r7, pc}
 310              	.L11:
 311 0132 00BF     		.align	2
 312              	.L10:
 313 0134 00480040 		.word	1073760256
 314 0138 00380240 		.word	1073887232
 315 013c 00080240 		.word	1073874944
 316 0140 00040240 		.word	1073873920
 317 0144 00000000 		.word	hdma_usart3_rx
 318 0148 28600240 		.word	1073897512
 319              		.cfi_endproc
 320              	.LFE135:
 322              		.section	.text.HAL_UART_MspDeInit,"ax",%progbits
 323              		.align	1
 324              		.global	HAL_UART_MspDeInit
 325              		.syntax unified
 326              		.thumb
 327              		.thumb_func
 329              	HAL_UART_MspDeInit:
 330              	.LFB136:
 119:Core/Src/usart.c **** 
 120:Core/Src/usart.c **** void HAL_UART_MspDeInit(UART_HandleTypeDef* uartHandle)
 121:Core/Src/usart.c **** {
 331              		.loc 1 121 1
 332              		.cfi_startproc
 333              		@ args = 0, pretend = 0, frame = 8
 334              		@ frame_needed = 1, uses_anonymous_args = 0
 335 0000 80B5     		push	{r7, lr}
 336              	.LCFI7:
ARM GAS  C:\Users\30514\AppData\Local\Temp\ccB9F1lo.s 			page 9


 337              		.cfi_def_cfa_offset 8
 338              		.cfi_offset 7, -8
 339              		.cfi_offset 14, -4
 340 0002 82B0     		sub	sp, sp, #8
 341              	.LCFI8:
 342              		.cfi_def_cfa_offset 16
 343 0004 00AF     		add	r7, sp, #0
 344              	.LCFI9:
 345              		.cfi_def_cfa_register 7
 346 0006 7860     		str	r0, [r7, #4]
 122:Core/Src/usart.c **** 
 123:Core/Src/usart.c ****   if(uartHandle->Instance==USART3)
 347              		.loc 1 123 16
 348 0008 7B68     		ldr	r3, [r7, #4]
 349 000a 1B68     		ldr	r3, [r3]
 350              		.loc 1 123 5
 351 000c 0E4A     		ldr	r2, .L15
 352 000e 9342     		cmp	r3, r2
 353 0010 16D1     		bne	.L14
 124:Core/Src/usart.c ****   {
 125:Core/Src/usart.c ****   /* USER CODE BEGIN USART3_MspDeInit 0 */
 126:Core/Src/usart.c **** 
 127:Core/Src/usart.c ****   /* USER CODE END USART3_MspDeInit 0 */
 128:Core/Src/usart.c ****     /* Peripheral clock disable */
 129:Core/Src/usart.c ****     __HAL_RCC_USART3_CLK_DISABLE();
 354              		.loc 1 129 5
 355 0012 0E4B     		ldr	r3, .L15+4
 356 0014 1B6C     		ldr	r3, [r3, #64]
 357 0016 0D4A     		ldr	r2, .L15+4
 358 0018 23F48023 		bic	r3, r3, #262144
 359 001c 1364     		str	r3, [r2, #64]
 130:Core/Src/usart.c **** 
 131:Core/Src/usart.c ****     /**USART3 GPIO Configuration
 132:Core/Src/usart.c ****     PC5     ------> USART3_RX
 133:Core/Src/usart.c ****     PB10     ------> USART3_TX
 134:Core/Src/usart.c ****     */
 135:Core/Src/usart.c ****     HAL_GPIO_DeInit(GPIOC, GPIO_PIN_5);
 360              		.loc 1 135 5
 361 001e 2021     		movs	r1, #32
 362 0020 0B48     		ldr	r0, .L15+8
 363 0022 FFF7FEFF 		bl	HAL_GPIO_DeInit
 136:Core/Src/usart.c **** 
 137:Core/Src/usart.c ****     HAL_GPIO_DeInit(GPIOB, GPIO_PIN_10);
 364              		.loc 1 137 5
 365 0026 4FF48061 		mov	r1, #1024
 366 002a 0A48     		ldr	r0, .L15+12
 367 002c FFF7FEFF 		bl	HAL_GPIO_DeInit
 138:Core/Src/usart.c **** 
 139:Core/Src/usart.c ****     /* USART3 DMA DeInit */
 140:Core/Src/usart.c ****     HAL_DMA_DeInit(uartHandle->hdmarx);
 368              		.loc 1 140 5
 369 0030 7B68     		ldr	r3, [r7, #4]
 370 0032 DB6B     		ldr	r3, [r3, #60]
 371 0034 1846     		mov	r0, r3
 372 0036 FFF7FEFF 		bl	HAL_DMA_DeInit
 141:Core/Src/usart.c **** 
 142:Core/Src/usart.c ****     /* USART3 interrupt Deinit */
ARM GAS  C:\Users\30514\AppData\Local\Temp\ccB9F1lo.s 			page 10


 143:Core/Src/usart.c ****     HAL_NVIC_DisableIRQ(USART3_IRQn);
 373              		.loc 1 143 5
 374 003a 2720     		movs	r0, #39
 375 003c FFF7FEFF 		bl	HAL_NVIC_DisableIRQ
 376              	.L14:
 144:Core/Src/usart.c ****   /* USER CODE BEGIN USART3_MspDeInit 1 */
 145:Core/Src/usart.c **** 
 146:Core/Src/usart.c ****   /* USER CODE END USART3_MspDeInit 1 */
 147:Core/Src/usart.c ****   }
 148:Core/Src/usart.c **** }
 377              		.loc 1 148 1
 378 0040 00BF     		nop
 379 0042 0837     		adds	r7, r7, #8
 380              	.LCFI10:
 381              		.cfi_def_cfa_offset 8
 382 0044 BD46     		mov	sp, r7
 383              	.LCFI11:
 384              		.cfi_def_cfa_register 13
 385              		@ sp needed
 386 0046 80BD     		pop	{r7, pc}
 387              	.L16:
 388              		.align	2
 389              	.L15:
 390 0048 00480040 		.word	1073760256
 391 004c 00380240 		.word	1073887232
 392 0050 00080240 		.word	1073874944
 393 0054 00040240 		.word	1073873920
 394              		.cfi_endproc
 395              	.LFE136:
 397              		.text
 398              	.Letext0:
 399              		.file 2 "Drivers/CMSIS/Device/ST/STM32F4xx/Include/stm32f446xx.h"
 400              		.file 3 "D:/enviroment/msys2/mingw64/arm-none-eabi/include/machine/_default_types.h"
 401              		.file 4 "D:/enviroment/msys2/mingw64/arm-none-eabi/include/sys/_stdint.h"
 402              		.file 5 "Drivers/STM32F4xx_HAL_Driver/Inc/stm32f4xx_hal_def.h"
 403              		.file 6 "Drivers/STM32F4xx_HAL_Driver/Inc/stm32f4xx_hal_gpio.h"
 404              		.file 7 "Drivers/STM32F4xx_HAL_Driver/Inc/stm32f4xx_hal_dma.h"
 405              		.file 8 "Drivers/STM32F4xx_HAL_Driver/Inc/stm32f4xx_hal_uart.h"
 406              		.file 9 "Core/Inc/usart.h"
 407              		.file 10 "Drivers/STM32F4xx_HAL_Driver/Inc/stm32f4xx_hal_cortex.h"
 408              		.file 11 "Core/Inc/main.h"
ARM GAS  C:\Users\30514\AppData\Local\Temp\ccB9F1lo.s 			page 11


DEFINED SYMBOLS
                            *ABS*:00000000 usart.c
C:\Users\30514\AppData\Local\Temp\ccB9F1lo.s:25     .bss.huart3:00000000 huart3
C:\Users\30514\AppData\Local\Temp\ccB9F1lo.s:22     .bss.huart3:00000000 $d
C:\Users\30514\AppData\Local\Temp\ccB9F1lo.s:32     .bss.hdma_usart3_rx:00000000 hdma_usart3_rx
C:\Users\30514\AppData\Local\Temp\ccB9F1lo.s:29     .bss.hdma_usart3_rx:00000000 $d
C:\Users\30514\AppData\Local\Temp\ccB9F1lo.s:35     .text.MX_USART3_UART_Init:00000000 $t
C:\Users\30514\AppData\Local\Temp\ccB9F1lo.s:41     .text.MX_USART3_UART_Init:00000000 MX_USART3_UART_Init
C:\Users\30514\AppData\Local\Temp\ccB9F1lo.s:103    .text.MX_USART3_UART_Init:0000004c $d
C:\Users\30514\AppData\Local\Temp\ccB9F1lo.s:110    .text.HAL_UART_MspInit:00000000 $t
C:\Users\30514\AppData\Local\Temp\ccB9F1lo.s:116    .text.HAL_UART_MspInit:00000000 HAL_UART_MspInit
C:\Users\30514\AppData\Local\Temp\ccB9F1lo.s:313    .text.HAL_UART_MspInit:00000134 $d
C:\Users\30514\AppData\Local\Temp\ccB9F1lo.s:323    .text.HAL_UART_MspDeInit:00000000 $t
C:\Users\30514\AppData\Local\Temp\ccB9F1lo.s:329    .text.HAL_UART_MspDeInit:00000000 HAL_UART_MspDeInit
C:\Users\30514\AppData\Local\Temp\ccB9F1lo.s:390    .text.HAL_UART_MspDeInit:00000048 $d
                           .group:00000000 wm4.0.3e68c699c40fadf7e6c1e499de837233
                           .group:00000000 wm4.stm32f4xx_hal_conf.h.25.a9a6e27d8b41172b5af7d7631d763ee0
                           .group:00000000 wm4.stm32f4xx.h.38.63e3ea23bd63a94457417730025259b6
                           .group:00000000 wm4.stm32f446xx.h.34.dd43cebd7192f96bce7a5ff975201274
                           .group:00000000 wm4._newlib_version.h.4.0eb654b64686e2bd29646258853f6c22
                           .group:00000000 wm4.features.h.33.d554620bb17bd3b714c3fb5c268772bc
                           .group:00000000 wm4._default_types.h.15.247e5cd201eca3442cbf5404108c4935
                           .group:00000000 wm4._intsup.h.10.48bafbb683905c4daa4565a85aeeb264
                           .group:00000000 wm4._stdint.h.10.c24fa3af3bc1706662bb5593a907e841
                           .group:00000000 wm4.stdint.h.23.d53047a68f4a85177f80b422d52785ed
                           .group:00000000 wm4.cmsis_version.h.32.0ac195c83bb4537824e6ad1c47474b79
                           .group:00000000 wm4.core_cm4.h.66.e4ff136c4a17abc46741866f64f8e729
                           .group:00000000 wm4.cmsis_gcc.h.26.498d0ad17a45fc9ef20fdc01caf02259
                           .group:00000000 wm4.core_cm4.h.174.62be9b4588d49bed18171771001331df
                           .group:00000000 wm4.mpu_armv7.h.32.83326921a797fa9d6f70449916b4b839
                           .group:00000000 wm4.stm32f446xx.h.917.13927c85cbbf4787955bc4173c54fa12
                           .group:00000000 wm4.stm32f4xx.h.195.a4b8bf80f37cc96981498656ffe5f588
                           .group:00000000 wm4.stm32_hal_legacy.h.22.8b7d303dc46a0b7ac6d3edf19ce2608d
                           .group:00000000 wm4.stddef.h.39.0dc9006b34572d4d9cae4c8b422c4971
                           .group:00000000 wm4.stm32f4xx_hal_def.h.58.3cb484e92e5ccf2e55312a4714e27917
                           .group:00000000 wm4.stm32f4xx_hal_rcc_ex.h.20.9b6e314009d4800dd71c0ec1c264a1ea
                           .group:00000000 wm4.stm32f4xx_hal_rcc.h.106.0887cf5d985ae88e345b0aed0ceb4729
                           .group:00000000 wm4.stm32f4xx_hal_gpio.h.21.22da6a14b6049d6ac156577be74df1d7
                           .group:00000000 wm4.stm32f4xx_hal_gpio_ex.h.21.33ea7ea24fd170b1d3dce3d23330c9d3
                           .group:00000000 wm4.stm32f4xx_hal_gpio.h.254.d7e07832f748fe8bcb575db0b8373592
                           .group:00000000 wm4.stm32f4xx_hal_exti.h.21.4fc7f37c3cc97fb821b368ede79414b6
                           .group:00000000 wm4.stm32f4xx_hal_dma.h.21.8e4b1421c914345c23be719e5e528779
                           .group:00000000 wm4.stm32f4xx_hal_dma.h.720.ac2d7eef74792e4026acc4d2923c5da4
                           .group:00000000 wm4.stm32f4xx_hal_cortex.h.20.03673e4f79386680bf73ba399c19306b
                           .group:00000000 wm4.stm32f4xx_hal_can.h.21.4b16c8dedf31ba328482231f811a7e65
                           .group:00000000 wm4.stm32f4xx_hal_flash.h.20.2f1e0d1b7010b3a81a7980aaf712e7e5
                           .group:00000000 wm4.stm32f4xx_hal_flash_ex.h.20.77cb3e5c0f1e426426a4cbc884a1eed8
                           .group:00000000 wm4.stm32f4xx_hal_flash.h.361.23bc19b9eac79b0956d913651841ede8
                           .group:00000000 wm4.stm32f4xx_hal_pwr.h.20.1905a0783a9c83adefd7df0c4b501e40
                           .group:00000000 wm4.stm32f4xx_hal_pwr_ex.h.20.9786dbd699c850465fa7b77273740267
                           .group:00000000 wm4.stm32f4xx_hal_pwr.h.338.debc0a4a62ba54688e63ab53dd99c4ea
                           .group:00000000 wm4.stm32f4xx_hal_uart.h.21.ba8e24dd05c77faac3f3d48472e636ba
                           .group:00000000 wm4.stm32f4xx_hal.h.71.02372bc31d47d29d3f67fbfe1429649e

UNDEFINED SYMBOLS
HAL_UART_Init
Error_Handler
ARM GAS  C:\Users\30514\AppData\Local\Temp\ccB9F1lo.s 			page 12


HAL_GPIO_Init
HAL_DMA_Init
HAL_NVIC_SetPriority
HAL_NVIC_EnableIRQ
HAL_GPIO_DeInit
HAL_DMA_DeInit
HAL_NVIC_DisableIRQ
